<?xml version="1.0" encoding="utf-8"?>
<CoverageSession xmlns:xsd="http://www.w3.org/2001/XMLSchema" xmlns:xsi="http://www.w3.org/2001/XMLSchema-instance" Version="4.6.0.0">
  <Summary numSequencePoints="1449" visitedSequencePoints="69" numBranchPoints="485" visitedBranchPoints="16" sequenceCoverage="4.76" branchCoverage="3.30" maxCyclomaticComplexity="8" minCyclomaticComplexity="1" maxCrapScore="72" minCrapScore="1" visitedClasses="6" numClasses="77" visitedMethods="14" numMethods="293" />
  <Modules>
    <Module hash="47-CF-13-AA-A8-A0-58-AA-8B-8A-B0-E2-FE-3F-C1-36-91-EF-71-90">
      <Summary numSequencePoints="329" visitedSequencePoints="14" numBranchPoints="80" visitedBranchPoints="3" sequenceCoverage="4.26" branchCoverage="3.75" maxCyclomaticComplexity="3" minCyclomaticComplexity="1" maxCrapScore="12" minCrapScore="1" visitedClasses="1" numClasses="16" visitedMethods="3" numMethods="80" />
      <ModulePath>D:\C#\source\repos\OnlineAuction\OnlineAuction.BLL.Tests\bin\Debug\OnlineAuction.BLL.Tests.dll</ModulePath>
      <ModuleTime>2020-05-19T12:40:14.8800409Z</ModuleTime>
      <ModuleName>OnlineAuction.BLL.Tests</ModuleName>
      <Files>
        <File uid="1" fullPath="D:\C#\source\repos\OnlineAuction\OnlineAuction.BLL.Tests\AdminServiceTests.cs" />
        <File uid="7" fullPath="D:\C#\source\repos\OnlineAuction\OnlineAuction.BLL.Tests\AuthenticationServiceTests.cs" />
        <File uid="9" fullPath="D:\C#\source\repos\OnlineAuction\OnlineAuction.BLL.Tests\BoughLotServiceTests.cs" />
        <File uid="10" fullPath="D:\C#\source\repos\OnlineAuction\OnlineAuction.BLL.Tests\CatalogServiceTests.cs" />
        <File uid="11" fullPath="D:\C#\source\repos\OnlineAuction\OnlineAuction.BLL.Tests\ManagerServiceTests.cs" />
        <File uid="12" fullPath="D:\C#\source\repos\OnlineAuction\OnlineAuction.BLL.Tests\RegistrationServiceTests.cs" />
      </Files>
      <Classes>
        <Class>
          <Summary numSequencePoints="147" visitedSequencePoints="0" numBranchPoints="29" visitedBranchPoints="0" sequenceCoverage="0" branchCoverage="0" maxCyclomaticComplexity="3" minCyclomaticComplexity="1" maxCrapScore="12" minCrapScore="2" visitedClasses="0" numClasses="1" visitedMethods="0" numMethods="29" />
          <FullName>OnlineAuction.BLL.Tests.AdminServiceTests</FullName>
          <Methods>
            <Method visited="false" cyclomaticComplexity="1" nPathComplexity="0" sequenceCoverage="0" branchCoverage="0" crapScore="2" isConstructor="false" isStatic="false" isGetter="false" isSetter="false">
              <Summary numSequencePoints="5" visitedSequencePoints="0" numBranchPoints="1" visitedBranchPoints="0" sequenceCoverage="0" branchCoverage="0" maxCyclomaticComplexity="1" minCyclomaticComplexity="1" maxCrapScore="2" minCrapScore="2" visitedClasses="0" numClasses="0" visitedMethods="0" numMethods="1" />
              <MetadataToken>100663297</MetadataToken>
              <Name>System.Void OnlineAuction.BLL.Tests.AdminServiceTests::SetUp()</Name>
              <FileRef uid="1" />
              <SequencePoints>
                <SequencePoint vc="0" uspid="1" ordinal="0" offset="0" sl="28" sc="9" el="28" ec="10" bec="0" bev="0" fileid="1" />
                <SequencePoint vc="0" uspid="2" ordinal="1" offset="1" sl="29" sc="13" el="29" ec="57" bec="0" bev="0" fileid="1" />
                <SequencePoint vc="0" uspid="3" ordinal="2" offset="17" sl="30" sc="13" el="30" ec="59" bec="0" bev="0" fileid="1" />
                <SequencePoint vc="0" uspid="4" ordinal="3" offset="34" sl="31" sc="13" el="31" ec="67" bec="0" bev="0" fileid="1" />
                <SequencePoint vc="0" uspid="5" ordinal="4" offset="56" sl="32" sc="9" el="32" ec="10" bec="0" bev="0" fileid="1" />
              </SequencePoints>
              <BranchPoints />
              <MethodPoint xsi:type="SequencePoint" vc="0" uspid="1" ordinal="0" offset="0" sl="28" sc="9" el="28" ec="10" bec="0" bev="0" fileid="1" />
            </Method>
            <Method visited="false" cyclomaticComplexity="1" nPathComplexity="0" sequenceCoverage="0" branchCoverage="0" crapScore="2" isConstructor="false" isStatic="false" isGetter="false" isSetter="false">
              <Summary numSequencePoints="6" visitedSequencePoints="0" numBranchPoints="1" visitedBranchPoints="0" sequenceCoverage="0" branchCoverage="0" maxCyclomaticComplexity="1" minCyclomaticComplexity="1" maxCrapScore="2" minCrapScore="2" visitedClasses="0" numClasses="0" visitedMethods="0" numMethods="1" />
              <MetadataToken>100663298</MetadataToken>
              <Name>System.Void OnlineAuction.BLL.Tests.AdminServiceTests::DeleteCategory_should_throw_OperationFaildException_when_parentCategory_is_null()</Name>
              <FileRef uid="1" />
              <SequencePoints>
                <SequencePoint vc="0" uspid="6" ordinal="0" offset="0" sl="35" sc="9" el="35" ec="10" bec="0" bev="0" fileid="1" />
                <SequencePoint vc="0" uspid="7" ordinal="1" offset="1" sl="36" sc="13" el="36" ec="95" bec="0" bev="0" fileid="1" />
                <SequencePoint vc="0" uspid="8" ordinal="2" offset="80" sl="37" sc="13" el="37" ec="60" bec="0" bev="0" fileid="1" />
                <SequencePoint vc="0" uspid="9" ordinal="3" offset="114" sl="39" sc="13" el="39" ec="99" bec="0" bev="0" fileid="1" />
                <SequencePoint vc="0" uspid="10" ordinal="4" offset="132" sl="41" sc="13" el="41" ec="97" bec="0" bev="0" fileid="1" />
                <SequencePoint vc="0" uspid="11" ordinal="5" offset="154" sl="42" sc="9" el="42" ec="10" bec="0" bev="0" fileid="1" />
              </SequencePoints>
              <BranchPoints />
              <MethodPoint xsi:type="SequencePoint" vc="0" uspid="6" ordinal="0" offset="0" sl="35" sc="9" el="35" ec="10" bec="0" bev="0" fileid="1" />
            </Method>
            <Method visited="false" cyclomaticComplexity="2" nPathComplexity="0" sequenceCoverage="0" branchCoverage="0" crapScore="6" isConstructor="false" isStatic="false" isGetter="false" isSetter="false">
              <Summary numSequencePoints="10" visitedSequencePoints="0" numBranchPoints="1" visitedBranchPoints="0" sequenceCoverage="0" branchCoverage="0" maxCyclomaticComplexity="2" minCyclomaticComplexity="2" maxCrapScore="6" minCrapScore="6" visitedClasses="0" numClasses="0" visitedMethods="0" numMethods="1" />
              <MetadataToken>100663299</MetadataToken>
              <Name>System.Void OnlineAuction.BLL.Tests.AdminServiceTests::DeleteCategory_should_throw_OperationFaildException_when_category_use_in_lot()</Name>
              <FileRef uid="1" />
              <SequencePoints>
                <SequencePoint vc="0" uspid="12" ordinal="0" offset="0" sl="45" sc="9" el="45" ec="10" bec="0" bev="0" fileid="1" />
                <SequencePoint vc="0" uspid="13" ordinal="1" offset="1" sl="46" sc="13" el="46" ec="56" bec="0" bev="0" fileid="1" />
                <SequencePoint vc="0" uspid="14" ordinal="2" offset="13" sl="47" sc="13" el="47" ec="67" bec="0" bev="0" fileid="1" />
                <SequencePoint vc="0" uspid="15" ordinal="3" offset="31" sl="48" sc="13" el="48" ec="38" bec="0" bev="0" fileid="1" />
                <SequencePoint vc="0" uspid="16" ordinal="4" offset="44" sl="49" sc="13" el="49" ec="51" bec="0" bev="0" fileid="1" />
                <SequencePoint vc="0" uspid="17" ordinal="5" offset="56" sl="50" sc="13" el="50" ec="60" bec="0" bev="0" fileid="1" />
                <SequencePoint vc="0" uspid="18" ordinal="6" offset="90" sl="51" sc="13" el="51" ec="81" bec="0" bev="0" fileid="1" />
                <SequencePoint vc="0" uspid="19" ordinal="7" offset="149" sl="53" sc="13" el="53" ec="101" bec="0" bev="0" fileid="1" />
                <SequencePoint vc="0" uspid="20" ordinal="8" offset="167" sl="55" sc="13" el="55" ec="102" bec="0" bev="0" fileid="1" />
                <SequencePoint vc="0" uspid="21" ordinal="9" offset="189" sl="56" sc="9" el="56" ec="10" bec="0" bev="0" fileid="1" />
              </SequencePoints>
              <BranchPoints />
              <MethodPoint xsi:type="SequencePoint" vc="0" uspid="12" ordinal="0" offset="0" sl="45" sc="9" el="45" ec="10" bec="0" bev="0" fileid="1" />
            </Method>
            <Method visited="false" cyclomaticComplexity="3" nPathComplexity="0" sequenceCoverage="0" branchCoverage="0" crapScore="12" isConstructor="false" isStatic="false" isGetter="false" isSetter="false">
              <Summary numSequencePoints="11" visitedSequencePoints="0" numBranchPoints="1" visitedBranchPoints="0" sequenceCoverage="0" branchCoverage="0" maxCyclomaticComplexity="3" minCyclomaticComplexity="3" maxCrapScore="12" minCrapScore="12" visitedClasses="0" numClasses="0" visitedMethods="0" numMethods="1" />
              <MetadataToken>100663300</MetadataToken>
              <Name>System.Void OnlineAuction.BLL.Tests.AdminServiceTests::DeleteCategory_should_throw_OperationFaildException_when_Category_have_chield_category()</Name>
              <FileRef uid="1" />
              <SequencePoints>
                <SequencePoint vc="0" uspid="24" ordinal="0" offset="0" sl="59" sc="9" el="59" ec="10" bec="0" bev="0" fileid="1" />
                <SequencePoint vc="0" uspid="25" ordinal="1" offset="1" sl="60" sc="13" el="60" ec="56" bec="0" bev="0" fileid="1" />
                <SequencePoint vc="0" uspid="26" ordinal="2" offset="13" sl="61" sc="13" el="61" ec="67" bec="0" bev="0" fileid="1" />
                <SequencePoint vc="0" uspid="27" ordinal="3" offset="31" sl="62" sc="13" el="62" ec="48" bec="0" bev="0" fileid="1" />
                <SequencePoint vc="0" uspid="28" ordinal="4" offset="37" sl="63" sc="13" el="63" ec="35" bec="0" bev="0" fileid="1" />
                <SequencePoint vc="0" uspid="29" ordinal="5" offset="45" sl="64" sc="13" el="64" ec="60" bec="0" bev="0" fileid="1" />
                <SequencePoint vc="0" uspid="30" ordinal="6" offset="79" sl="65" sc="13" el="65" ec="92" bec="0" bev="0" fileid="1" />
                <SequencePoint vc="0" uspid="31" ordinal="7" offset="142" sl="66" sc="13" el="66" ec="89" bec="0" bev="0" fileid="1" />
                <SequencePoint vc="0" uspid="32" ordinal="8" offset="201" sl="68" sc="13" el="68" ec="101" bec="0" bev="0" fileid="1" />
                <SequencePoint vc="0" uspid="33" ordinal="9" offset="219" sl="70" sc="13" el="70" ec="100" bec="0" bev="0" fileid="1" />
                <SequencePoint vc="0" uspid="34" ordinal="10" offset="241" sl="71" sc="9" el="71" ec="10" bec="0" bev="0" fileid="1" />
              </SequencePoints>
              <BranchPoints />
              <MethodPoint xsi:type="SequencePoint" vc="0" uspid="24" ordinal="0" offset="0" sl="59" sc="9" el="59" ec="10" bec="0" bev="0" fileid="1" />
            </Method>
            <Method visited="false" cyclomaticComplexity="2" nPathComplexity="0" sequenceCoverage="0" branchCoverage="0" crapScore="6" isConstructor="false" isStatic="false" isGetter="false" isSetter="false">
              <Summary numSequencePoints="5" visitedSequencePoints="0" numBranchPoints="1" visitedBranchPoints="0" sequenceCoverage="0" branchCoverage="0" maxCyclomaticComplexity="2" minCyclomaticComplexity="2" maxCrapScore="6" minCrapScore="6" visitedClasses="0" numClasses="0" visitedMethods="0" numMethods="1" />
              <MetadataToken>100663301</MetadataToken>
              <Name>System.Void OnlineAuction.BLL.Tests.AdminServiceTests::DeleteCategory_should_stop_if_category_with_id_not_fount()</Name>
              <FileRef uid="1" />
              <SequencePoints>
                <SequencePoint vc="0" uspid="39" ordinal="0" offset="0" sl="74" sc="9" el="74" ec="10" bec="0" bev="0" fileid="1" />
                <SequencePoint vc="0" uspid="40" ordinal="1" offset="1" sl="75" sc="13" el="75" ec="61" bec="0" bev="0" fileid="1" />
                <SequencePoint vc="0" uspid="41" ordinal="2" offset="65" sl="77" sc="13" el="77" ec="46" bec="0" bev="0" fileid="1" />
                <SequencePoint vc="0" uspid="42" ordinal="3" offset="83" sl="79" sc="13" el="79" ec="70" bec="0" bev="0" fileid="1" />
                <SequencePoint vc="0" uspid="43" ordinal="4" offset="106" sl="80" sc="9" el="80" ec="10" bec="0" bev="0" fileid="1" />
              </SequencePoints>
              <BranchPoints />
              <MethodPoint xsi:type="SequencePoint" vc="0" uspid="39" ordinal="0" offset="0" sl="74" sc="9" el="74" ec="10" bec="0" bev="0" fileid="1" />
            </Method>
            <Method visited="false" cyclomaticComplexity="3" nPathComplexity="0" sequenceCoverage="0" branchCoverage="0" crapScore="12" isConstructor="false" isStatic="false" isGetter="false" isSetter="false">
              <Summary numSequencePoints="9" visitedSequencePoints="0" numBranchPoints="1" visitedBranchPoints="0" sequenceCoverage="0" branchCoverage="0" maxCyclomaticComplexity="3" minCyclomaticComplexity="3" maxCrapScore="12" minCrapScore="12" visitedClasses="0" numClasses="0" visitedMethods="0" numMethods="1" />
              <MetadataToken>100663302</MetadataToken>
              <Name>System.Void OnlineAuction.BLL.Tests.AdminServiceTests::DeleteCategory_delete_category()</Name>
              <FileRef uid="1" />
              <SequencePoints>
                <SequencePoint vc="0" uspid="46" ordinal="0" offset="0" sl="83" sc="9" el="83" ec="10" bec="0" bev="0" fileid="1" />
                <SequencePoint vc="0" uspid="47" ordinal="1" offset="1" sl="84" sc="13" el="84" ec="56" bec="0" bev="0" fileid="1" />
                <SequencePoint vc="0" uspid="48" ordinal="2" offset="13" sl="85" sc="13" el="85" ec="67" bec="0" bev="0" fileid="1" />
                <SequencePoint vc="0" uspid="49" ordinal="3" offset="31" sl="86" sc="13" el="86" ec="60" bec="0" bev="0" fileid="1" />
                <SequencePoint vc="0" uspid="50" ordinal="4" offset="65" sl="87" sc="13" el="87" ec="92" bec="0" bev="0" fileid="1" />
                <SequencePoint vc="0" uspid="51" ordinal="5" offset="128" sl="88" sc="13" el="88" ec="102" bec="0" bev="0" fileid="1" />
                <SequencePoint vc="0" uspid="52" ordinal="6" offset="191" sl="90" sc="13" el="90" ec="46" bec="0" bev="0" fileid="1" />
                <SequencePoint vc="0" uspid="53" ordinal="7" offset="209" sl="92" sc="13" el="92" ec="43" bec="0" bev="0" fileid="1" />
                <SequencePoint vc="0" uspid="54" ordinal="8" offset="226" sl="93" sc="9" el="93" ec="10" bec="0" bev="0" fileid="1" />
              </SequencePoints>
              <BranchPoints />
              <MethodPoint xsi:type="SequencePoint" vc="0" uspid="46" ordinal="0" offset="0" sl="83" sc="9" el="83" ec="10" bec="0" bev="0" fileid="1" />
            </Method>
            <Method visited="false" cyclomaticComplexity="1" nPathComplexity="0" sequenceCoverage="0" branchCoverage="0" crapScore="2" isConstructor="false" isStatic="false" isGetter="false" isSetter="false">
              <Summary numSequencePoints="5" visitedSequencePoints="0" numBranchPoints="1" visitedBranchPoints="0" sequenceCoverage="0" branchCoverage="0" maxCyclomaticComplexity="1" minCyclomaticComplexity="1" maxCrapScore="2" minCrapScore="2" visitedClasses="0" numClasses="0" visitedMethods="0" numMethods="1" />
              <MetadataToken>100663303</MetadataToken>
              <Name>System.Void OnlineAuction.BLL.Tests.AdminServiceTests::UpdateCategory_should_stop_if_name_empty()</Name>
              <FileRef uid="1" />
              <SequencePoints>
                <SequencePoint vc="0" uspid="59" ordinal="0" offset="0" sl="96" sc="9" el="96" ec="10" bec="0" bev="0" fileid="1" />
                <SequencePoint vc="0" uspid="60" ordinal="1" offset="1" sl="97" sc="13" el="97" ec="31" bec="0" bev="0" fileid="1" />
                <SequencePoint vc="0" uspid="61" ordinal="2" offset="7" sl="99" sc="13" el="99" ec="52" bec="0" bev="0" fileid="1" />
                <SequencePoint vc="0" uspid="62" ordinal="3" offset="26" sl="101" sc="13" el="101" ec="75" bec="0" bev="0" fileid="1" />
                <SequencePoint vc="0" uspid="63" ordinal="4" offset="49" sl="102" sc="9" el="102" ec="10" bec="0" bev="0" fileid="1" />
              </SequencePoints>
              <BranchPoints />
              <MethodPoint xsi:type="SequencePoint" vc="0" uspid="59" ordinal="0" offset="0" sl="96" sc="9" el="96" ec="10" bec="0" bev="0" fileid="1" />
            </Method>
            <Method visited="false" cyclomaticComplexity="2" nPathComplexity="0" sequenceCoverage="0" branchCoverage="0" crapScore="6" isConstructor="false" isStatic="false" isGetter="false" isSetter="false">
              <Summary numSequencePoints="5" visitedSequencePoints="0" numBranchPoints="1" visitedBranchPoints="0" sequenceCoverage="0" branchCoverage="0" maxCyclomaticComplexity="2" minCyclomaticComplexity="2" maxCrapScore="6" minCrapScore="6" visitedClasses="0" numClasses="0" visitedMethods="0" numMethods="1" />
              <MetadataToken>100663304</MetadataToken>
              <Name>System.Void OnlineAuction.BLL.Tests.AdminServiceTests::UpdateCategory_should_throw_OperationFaildException_when_category_with_id_not_fount()</Name>
              <FileRef uid="1" />
              <SequencePoints>
                <SequencePoint vc="0" uspid="64" ordinal="0" offset="0" sl="105" sc="9" el="105" ec="10" bec="0" bev="0" fileid="1" />
                <SequencePoint vc="0" uspid="65" ordinal="1" offset="1" sl="106" sc="13" el="106" ec="61" bec="0" bev="0" fileid="1" />
                <SequencePoint vc="0" uspid="66" ordinal="2" offset="65" sl="108" sc="13" el="108" ec="105" bec="0" bev="0" fileid="1" />
                <SequencePoint vc="0" uspid="67" ordinal="3" offset="83" sl="110" sc="13" el="110" ec="90" bec="0" bev="0" fileid="1" />
                <SequencePoint vc="0" uspid="68" ordinal="4" offset="105" sl="111" sc="9" el="111" ec="10" bec="0" bev="0" fileid="1" />
              </SequencePoints>
              <BranchPoints />
              <MethodPoint xsi:type="SequencePoint" vc="0" uspid="64" ordinal="0" offset="0" sl="105" sc="9" el="105" ec="10" bec="0" bev="0" fileid="1" />
            </Method>
            <Method visited="false" cyclomaticComplexity="1" nPathComplexity="0" sequenceCoverage="0" branchCoverage="0" crapScore="2" isConstructor="false" isStatic="false" isGetter="false" isSetter="false">
              <Summary numSequencePoints="6" visitedSequencePoints="0" numBranchPoints="1" visitedBranchPoints="0" sequenceCoverage="0" branchCoverage="0" maxCyclomaticComplexity="1" minCyclomaticComplexity="1" maxCrapScore="2" minCrapScore="2" visitedClasses="0" numClasses="0" visitedMethods="0" numMethods="1" />
              <MetadataToken>100663305</MetadataToken>
              <Name>System.Void OnlineAuction.BLL.Tests.AdminServiceTests::UpdateCategory_should_throw_OperationFaildException_when_parentCategory_is_null()</Name>
              <FileRef uid="1" />
              <SequencePoints>
                <SequencePoint vc="0" uspid="71" ordinal="0" offset="0" sl="114" sc="9" el="114" ec="10" bec="0" bev="0" fileid="1" />
                <SequencePoint vc="0" uspid="72" ordinal="1" offset="1" sl="115" sc="13" el="115" ec="95" bec="0" bev="0" fileid="1" />
                <SequencePoint vc="0" uspid="73" ordinal="2" offset="80" sl="116" sc="13" el="116" ec="60" bec="0" bev="0" fileid="1" />
                <SequencePoint vc="0" uspid="74" ordinal="3" offset="114" sl="118" sc="13" el="118" ec="106" bec="0" bev="0" fileid="1" />
                <SequencePoint vc="0" uspid="75" ordinal="4" offset="132" sl="120" sc="13" el="120" ec="97" bec="0" bev="0" fileid="1" />
                <SequencePoint vc="0" uspid="76" ordinal="5" offset="154" sl="121" sc="9" el="121" ec="10" bec="0" bev="0" fileid="1" />
              </SequencePoints>
              <BranchPoints />
              <MethodPoint xsi:type="SequencePoint" vc="0" uspid="71" ordinal="0" offset="0" sl="114" sc="9" el="114" ec="10" bec="0" bev="0" fileid="1" />
            </Method>
            <Method visited="false" cyclomaticComplexity="1" nPathComplexity="0" sequenceCoverage="0" branchCoverage="0" crapScore="2" isConstructor="false" isStatic="false" isGetter="false" isSetter="false">
              <Summary numSequencePoints="10" visitedSequencePoints="0" numBranchPoints="1" visitedBranchPoints="0" sequenceCoverage="0" branchCoverage="0" maxCyclomaticComplexity="1" minCyclomaticComplexity="1" maxCrapScore="2" minCrapScore="2" visitedClasses="0" numClasses="0" visitedMethods="0" numMethods="1" />
              <MetadataToken>100663306</MetadataToken>
              <Name>System.Void OnlineAuction.BLL.Tests.AdminServiceTests::UpdateCategory_should_throw_OperationFaildException_when_Category_with_name_already_exists()</Name>
              <FileRef uid="1" />
              <SequencePoints>
                <SequencePoint vc="0" uspid="77" ordinal="0" offset="0" sl="124" sc="9" el="124" ec="10" bec="0" bev="0" fileid="1" />
                <SequencePoint vc="0" uspid="78" ordinal="1" offset="1" sl="125" sc="13" el="125" ec="56" bec="0" bev="0" fileid="1" />
                <SequencePoint vc="0" uspid="79" ordinal="2" offset="13" sl="126" sc="13" el="126" ec="38" bec="0" bev="0" fileid="1" />
                <SequencePoint vc="0" uspid="80" ordinal="3" offset="26" sl="127" sc="13" el="127" ec="59" bec="0" bev="0" fileid="1" />
                <SequencePoint vc="0" uspid="81" ordinal="4" offset="38" sl="128" sc="13" el="128" ec="55" bec="0" bev="0" fileid="1" />
                <SequencePoint vc="0" uspid="82" ordinal="5" offset="51" sl="129" sc="13" el="129" ec="60" bec="0" bev="0" fileid="1" />
                <SequencePoint vc="0" uspid="83" ordinal="6" offset="85" sl="130" sc="13" el="130" ec="75" bec="0" bev="0" fileid="1" />
                <SequencePoint vc="0" uspid="84" ordinal="7" offset="114" sl="132" sc="13" el="132" ec="106" bec="0" bev="0" fileid="1" />
                <SequencePoint vc="0" uspid="85" ordinal="8" offset="132" sl="134" sc="13" el="134" ec="95" bec="0" bev="0" fileid="1" />
                <SequencePoint vc="0" uspid="86" ordinal="9" offset="154" sl="135" sc="9" el="135" ec="10" bec="0" bev="0" fileid="1" />
              </SequencePoints>
              <BranchPoints />
              <MethodPoint xsi:type="SequencePoint" vc="0" uspid="77" ordinal="0" offset="0" sl="124" sc="9" el="124" ec="10" bec="0" bev="0" fileid="1" />
            </Method>
            <Method visited="false" cyclomaticComplexity="1" nPathComplexity="0" sequenceCoverage="0" branchCoverage="0" crapScore="2" isConstructor="false" isStatic="false" isGetter="false" isSetter="false">
              <Summary numSequencePoints="8" visitedSequencePoints="0" numBranchPoints="1" visitedBranchPoints="0" sequenceCoverage="0" branchCoverage="0" maxCyclomaticComplexity="1" minCyclomaticComplexity="1" maxCrapScore="2" minCrapScore="2" visitedClasses="0" numClasses="0" visitedMethods="0" numMethods="1" />
              <MetadataToken>100663307</MetadataToken>
              <Name>System.Void OnlineAuction.BLL.Tests.AdminServiceTests::UpdateCategory_update_category()</Name>
              <FileRef uid="1" />
              <SequencePoints>
                <SequencePoint vc="0" uspid="87" ordinal="0" offset="0" sl="138" sc="9" el="138" ec="10" bec="0" bev="0" fileid="1" />
                <SequencePoint vc="0" uspid="88" ordinal="1" offset="1" sl="139" sc="13" el="139" ec="56" bec="0" bev="0" fileid="1" />
                <SequencePoint vc="0" uspid="89" ordinal="2" offset="13" sl="140" sc="13" el="140" ec="67" bec="0" bev="0" fileid="1" />
                <SequencePoint vc="0" uspid="90" ordinal="3" offset="31" sl="141" sc="13" el="141" ec="60" bec="0" bev="0" fileid="1" />
                <SequencePoint vc="0" uspid="91" ordinal="4" offset="65" sl="142" sc="13" el="142" ec="88" bec="0" bev="0" fileid="1" />
                <SequencePoint vc="0" uspid="92" ordinal="5" offset="98" sl="144" sc="13" el="144" ec="51" bec="0" bev="0" fileid="1" />
                <SequencePoint vc="0" uspid="93" ordinal="6" offset="121" sl="146" sc="13" el="146" ec="43" bec="0" bev="0" fileid="1" />
                <SequencePoint vc="0" uspid="94" ordinal="7" offset="138" sl="147" sc="9" el="147" ec="10" bec="0" bev="0" fileid="1" />
              </SequencePoints>
              <BranchPoints />
              <MethodPoint xsi:type="SequencePoint" vc="0" uspid="87" ordinal="0" offset="0" sl="138" sc="9" el="138" ec="10" bec="0" bev="0" fileid="1" />
            </Method>
            <Method visited="false" cyclomaticComplexity="1" nPathComplexity="0" sequenceCoverage="0" branchCoverage="0" crapScore="2" isConstructor="false" isStatic="false" isGetter="false" isSetter="false">
              <Summary numSequencePoints="6" visitedSequencePoints="0" numBranchPoints="1" visitedBranchPoints="0" sequenceCoverage="0" branchCoverage="0" maxCyclomaticComplexity="1" minCyclomaticComplexity="1" maxCrapScore="2" minCrapScore="2" visitedClasses="0" numClasses="0" visitedMethods="0" numMethods="1" />
              <MetadataToken>100663308</MetadataToken>
              <Name>System.Void OnlineAuction.BLL.Tests.AdminServiceTests::AddCategory_throw_ValidationException_if_category__without_name()</Name>
              <FileRef uid="1" />
              <SequencePoints>
                <SequencePoint vc="0" uspid="95" ordinal="0" offset="13" sl="151" sc="9" el="151" ec="10" bec="0" bev="0" fileid="1" />
                <SequencePoint vc="0" uspid="96" ordinal="1" offset="14" sl="152" sc="13" el="152" ec="31" bec="0" bev="0" fileid="1" />
                <SequencePoint vc="0" uspid="97" ordinal="2" offset="20" sl="153" sc="13" el="153" ec="90" bec="0" bev="0" fileid="1" />
                <SequencePoint vc="0" uspid="98" ordinal="3" offset="105" sl="155" sc="13" el="155" ec="133" bec="0" bev="0" fileid="1" />
                <SequencePoint vc="0" uspid="99" ordinal="4" offset="123" sl="157" sc="13" el="157" ec="51" bec="0" bev="0" fileid="1" />
                <SequencePoint vc="0" uspid="100" ordinal="5" offset="145" sl="158" sc="9" el="158" ec="10" bec="0" bev="0" fileid="1" />
              </SequencePoints>
              <BranchPoints />
              <MethodPoint vc="0" uspid="101" ordinal="0" offset="0" />
            </Method>
            <Method visited="false" cyclomaticComplexity="1" nPathComplexity="0" sequenceCoverage="0" branchCoverage="0" crapScore="2" isConstructor="false" isStatic="false" isGetter="false" isSetter="false">
              <Summary numSequencePoints="5" visitedSequencePoints="0" numBranchPoints="1" visitedBranchPoints="0" sequenceCoverage="0" branchCoverage="0" maxCyclomaticComplexity="1" minCyclomaticComplexity="1" maxCrapScore="2" minCrapScore="2" visitedClasses="0" numClasses="0" visitedMethods="0" numMethods="1" />
              <MetadataToken>100663309</MetadataToken>
              <Name>System.Void OnlineAuction.BLL.Tests.AdminServiceTests::AddCategory_should_stop_if_category_null()</Name>
              <FileRef uid="1" />
              <SequencePoints>
                <SequencePoint vc="0" uspid="102" ordinal="0" offset="13" sl="161" sc="9" el="161" ec="10" bec="0" bev="0" fileid="1" />
                <SequencePoint vc="0" uspid="103" ordinal="1" offset="14" sl="162" sc="13" el="162" ec="41" bec="0" bev="0" fileid="1" />
                <SequencePoint vc="0" uspid="104" ordinal="2" offset="21" sl="164" sc="13" el="164" ec="102" bec="0" bev="0" fileid="1" />
                <SequencePoint vc="0" uspid="105" ordinal="3" offset="39" sl="166" sc="13" el="166" ec="69" bec="0" bev="0" fileid="1" />
                <SequencePoint vc="0" uspid="106" ordinal="4" offset="61" sl="167" sc="9" el="167" ec="10" bec="0" bev="0" fileid="1" />
              </SequencePoints>
              <BranchPoints />
              <MethodPoint vc="0" uspid="107" ordinal="0" offset="0" />
            </Method>
            <Method visited="false" cyclomaticComplexity="1" nPathComplexity="0" sequenceCoverage="0" branchCoverage="0" crapScore="2" isConstructor="false" isStatic="false" isGetter="false" isSetter="false">
              <Summary numSequencePoints="7" visitedSequencePoints="0" numBranchPoints="1" visitedBranchPoints="0" sequenceCoverage="0" branchCoverage="0" maxCyclomaticComplexity="1" minCyclomaticComplexity="1" maxCrapScore="2" minCrapScore="2" visitedClasses="0" numClasses="0" visitedMethods="0" numMethods="1" />
              <MetadataToken>100663310</MetadataToken>
              <Name>System.Void OnlineAuction.BLL.Tests.AdminServiceTests::AddCategory_should_stop_if_category__already_exists()</Name>
              <FileRef uid="1" />
              <SequencePoints>
                <SequencePoint vc="0" uspid="108" ordinal="0" offset="0" sl="170" sc="9" el="170" ec="10" bec="0" bev="0" fileid="1" />
                <SequencePoint vc="0" uspid="109" ordinal="1" offset="1" sl="171" sc="13" el="171" ec="59" bec="0" bev="0" fileid="1" />
                <SequencePoint vc="0" uspid="110" ordinal="2" offset="13" sl="172" sc="13" el="172" ec="56" bec="0" bev="0" fileid="1" />
                <SequencePoint vc="0" uspid="111" ordinal="3" offset="25" sl="173" sc="13" el="173" ec="72" bec="0" bev="0" fileid="1" />
                <SequencePoint vc="0" uspid="112" ordinal="4" offset="54" sl="175" sc="13" el="175" ec="49" bec="0" bev="0" fileid="1" />
                <SequencePoint vc="0" uspid="113" ordinal="5" offset="67" sl="177" sc="13" el="177" ec="48" bec="0" bev="0" fileid="1" />
                <SequencePoint vc="0" uspid="114" ordinal="6" offset="84" sl="179" sc="9" el="179" ec="10" bec="0" bev="0" fileid="1" />
              </SequencePoints>
              <BranchPoints />
              <MethodPoint xsi:type="SequencePoint" vc="0" uspid="108" ordinal="0" offset="0" sl="170" sc="9" el="170" ec="10" bec="0" bev="0" fileid="1" />
            </Method>
            <Method visited="false" cyclomaticComplexity="1" nPathComplexity="0" sequenceCoverage="0" branchCoverage="0" crapScore="2" isConstructor="false" isStatic="false" isGetter="false" isSetter="false">
              <Summary numSequencePoints="6" visitedSequencePoints="0" numBranchPoints="1" visitedBranchPoints="0" sequenceCoverage="0" branchCoverage="0" maxCyclomaticComplexity="1" minCyclomaticComplexity="1" maxCrapScore="2" minCrapScore="2" visitedClasses="0" numClasses="0" visitedMethods="0" numMethods="1" />
              <MetadataToken>100663311</MetadataToken>
              <Name>System.Void OnlineAuction.BLL.Tests.AdminServiceTests::AddCategory_add_category()</Name>
              <FileRef uid="1" />
              <SequencePoints>
                <SequencePoint vc="0" uspid="115" ordinal="0" offset="0" sl="182" sc="9" el="182" ec="10" bec="0" bev="0" fileid="1" />
                <SequencePoint vc="0" uspid="116" ordinal="1" offset="1" sl="183" sc="13" el="183" ec="59" bec="0" bev="0" fileid="1" />
                <SequencePoint vc="0" uspid="117" ordinal="2" offset="13" sl="184" sc="13" el="184" ec="88" bec="0" bev="0" fileid="1" />
                <SequencePoint vc="0" uspid="118" ordinal="3" offset="46" sl="186" sc="13" el="186" ec="49" bec="0" bev="0" fileid="1" />
                <SequencePoint vc="0" uspid="119" ordinal="4" offset="59" sl="188" sc="13" el="188" ec="43" bec="0" bev="0" fileid="1" />
                <SequencePoint vc="0" uspid="120" ordinal="5" offset="76" sl="189" sc="9" el="189" ec="10" bec="0" bev="0" fileid="1" />
              </SequencePoints>
              <BranchPoints />
              <MethodPoint xsi:type="SequencePoint" vc="0" uspid="115" ordinal="0" offset="0" sl="182" sc="9" el="182" ec="10" bec="0" bev="0" fileid="1" />
            </Method>
            <Method visited="false" cyclomaticComplexity="2" nPathComplexity="0" sequenceCoverage="0" branchCoverage="0" crapScore="6" isConstructor="false" isStatic="false" isGetter="false" isSetter="false">
              <Summary numSequencePoints="5" visitedSequencePoints="0" numBranchPoints="1" visitedBranchPoints="0" sequenceCoverage="0" branchCoverage="0" maxCyclomaticComplexity="2" minCyclomaticComplexity="2" maxCrapScore="6" minCrapScore="6" visitedClasses="0" numClasses="0" visitedMethods="0" numMethods="1" />
              <MetadataToken>100663312</MetadataToken>
              <Name>System.Void OnlineAuction.BLL.Tests.AdminServiceTests::DeleteManeger_should_stop_if_maneger_with_id_not_fount()</Name>
              <FileRef uid="1" />
              <SequencePoints>
                <SequencePoint vc="0" uspid="121" ordinal="0" offset="0" sl="193" sc="9" el="193" ec="10" bec="0" bev="0" fileid="1" />
                <SequencePoint vc="0" uspid="122" ordinal="1" offset="1" sl="194" sc="13" el="194" ec="80" bec="0" bev="0" fileid="1" />
                <SequencePoint vc="0" uspid="123" ordinal="2" offset="60" sl="196" sc="13" el="196" ec="45" bec="0" bev="0" fileid="1" />
                <SequencePoint vc="0" uspid="124" ordinal="3" offset="78" sl="198" sc="13" el="198" ec="70" bec="0" bev="0" fileid="1" />
                <SequencePoint vc="0" uspid="125" ordinal="4" offset="101" sl="199" sc="9" el="199" ec="10" bec="0" bev="0" fileid="1" />
              </SequencePoints>
              <BranchPoints />
              <MethodPoint xsi:type="SequencePoint" vc="0" uspid="121" ordinal="0" offset="0" sl="193" sc="9" el="193" ec="10" bec="0" bev="0" fileid="1" />
            </Method>
            <Method visited="false" cyclomaticComplexity="1" nPathComplexity="0" sequenceCoverage="0" branchCoverage="0" crapScore="2" isConstructor="false" isStatic="false" isGetter="false" isSetter="false">
              <Summary numSequencePoints="6" visitedSequencePoints="0" numBranchPoints="1" visitedBranchPoints="0" sequenceCoverage="0" branchCoverage="0" maxCyclomaticComplexity="1" minCyclomaticComplexity="1" maxCrapScore="2" minCrapScore="2" visitedClasses="0" numClasses="0" visitedMethods="0" numMethods="1" />
              <MetadataToken>100663313</MetadataToken>
              <Name>System.Void OnlineAuction.BLL.Tests.AdminServiceTests::DeleteManeger_throw_OperationFaildException_if_maneger_is_admin_()</Name>
              <FileRef uid="1" />
              <SequencePoints>
                <SequencePoint vc="0" uspid="128" ordinal="0" offset="0" sl="202" sc="9" el="202" ec="10" bec="0" bev="0" fileid="1" />
                <SequencePoint vc="0" uspid="129" ordinal="1" offset="1" sl="203" sc="13" el="203" ec="89" bec="0" bev="0" fileid="1" />
                <SequencePoint vc="0" uspid="130" ordinal="2" offset="81" sl="204" sc="13" el="204" ec="75" bec="0" bev="0" fileid="1" />
                <SequencePoint vc="0" uspid="131" ordinal="3" offset="110" sl="206" sc="13" el="206" ec="100" bec="0" bev="0" fileid="1" />
                <SequencePoint vc="0" uspid="132" ordinal="4" offset="128" sl="208" sc="13" el="208" ec="89" bec="0" bev="0" fileid="1" />
                <SequencePoint vc="0" uspid="133" ordinal="5" offset="150" sl="209" sc="9" el="209" ec="10" bec="0" bev="0" fileid="1" />
              </SequencePoints>
              <BranchPoints />
              <MethodPoint xsi:type="SequencePoint" vc="0" uspid="128" ordinal="0" offset="0" sl="202" sc="9" el="202" ec="10" bec="0" bev="0" fileid="1" />
            </Method>
            <Method visited="false" cyclomaticComplexity="1" nPathComplexity="0" sequenceCoverage="0" branchCoverage="0" crapScore="2" isConstructor="false" isStatic="false" isGetter="false" isSetter="false">
              <Summary numSequencePoints="6" visitedSequencePoints="0" numBranchPoints="1" visitedBranchPoints="0" sequenceCoverage="0" branchCoverage="0" maxCyclomaticComplexity="1" minCyclomaticComplexity="1" maxCrapScore="2" minCrapScore="2" visitedClasses="0" numClasses="0" visitedMethods="0" numMethods="1" />
              <MetadataToken>100663314</MetadataToken>
              <Name>System.Void OnlineAuction.BLL.Tests.AdminServiceTests::DeleteManeger_delete_maneger()</Name>
              <FileRef uid="1" />
              <SequencePoints>
                <SequencePoint vc="0" uspid="134" ordinal="0" offset="0" sl="212" sc="9" el="212" ec="10" bec="0" bev="0" fileid="1" />
                <SequencePoint vc="0" uspid="135" ordinal="1" offset="1" sl="213" sc="13" el="213" ec="90" bec="0" bev="0" fileid="1" />
                <SequencePoint vc="0" uspid="136" ordinal="2" offset="81" sl="214" sc="13" el="214" ec="75" bec="0" bev="0" fileid="1" />
                <SequencePoint vc="0" uspid="137" ordinal="3" offset="110" sl="216" sc="13" el="216" ec="45" bec="0" bev="0" fileid="1" />
                <SequencePoint vc="0" uspid="138" ordinal="4" offset="128" sl="218" sc="13" el="218" ec="43" bec="0" bev="0" fileid="1" />
                <SequencePoint vc="0" uspid="139" ordinal="5" offset="145" sl="219" sc="9" el="219" ec="10" bec="0" bev="0" fileid="1" />
              </SequencePoints>
              <BranchPoints />
              <MethodPoint xsi:type="SequencePoint" vc="0" uspid="134" ordinal="0" offset="0" sl="212" sc="9" el="212" ec="10" bec="0" bev="0" fileid="1" />
            </Method>
            <Method visited="false" cyclomaticComplexity="1" nPathComplexity="0" sequenceCoverage="0" branchCoverage="0" crapScore="2" isConstructor="false" isStatic="false" isGetter="false" isSetter="false">
              <Summary numSequencePoints="6" visitedSequencePoints="0" numBranchPoints="1" visitedBranchPoints="0" sequenceCoverage="0" branchCoverage="0" maxCyclomaticComplexity="1" minCyclomaticComplexity="1" maxCrapScore="2" minCrapScore="2" visitedClasses="0" numClasses="0" visitedMethods="0" numMethods="1" />
              <MetadataToken>100663315</MetadataToken>
              <Name>System.Void OnlineAuction.BLL.Tests.AdminServiceTests::AddManager_throw_ValidationException_if_person_or_authentication_vaild_error()</Name>
              <FileRef uid="1" />
              <SequencePoints>
                <SequencePoint vc="0" uspid="140" ordinal="0" offset="13" sl="223" sc="9" el="223" ec="10" bec="0" bev="0" fileid="1" />
                <SequencePoint vc="0" uspid="141" ordinal="1" offset="14" sl="224" sc="13" el="224" ec="55" bec="0" bev="0" fileid="1" />
                <SequencePoint vc="0" uspid="142" ordinal="2" offset="31" sl="225" sc="13" el="225" ec="69" bec="0" bev="0" fileid="1" />
                <SequencePoint vc="0" uspid="143" ordinal="3" offset="48" sl="227" sc="13" el="227" ec="114" bec="0" bev="0" fileid="1" />
                <SequencePoint vc="0" uspid="144" ordinal="4" offset="66" sl="229" sc="13" el="229" ec="51" bec="0" bev="0" fileid="1" />
                <SequencePoint vc="0" uspid="145" ordinal="5" offset="88" sl="230" sc="9" el="230" ec="10" bec="0" bev="0" fileid="1" />
              </SequencePoints>
              <BranchPoints />
              <MethodPoint vc="0" uspid="146" ordinal="0" offset="0" />
            </Method>
            <Method visited="false" cyclomaticComplexity="1" nPathComplexity="0" sequenceCoverage="0" branchCoverage="0" crapScore="2" isConstructor="false" isStatic="false" isGetter="false" isSetter="false">
              <Summary numSequencePoints="9" visitedSequencePoints="0" numBranchPoints="1" visitedBranchPoints="0" sequenceCoverage="0" branchCoverage="0" maxCyclomaticComplexity="1" minCyclomaticComplexity="1" maxCrapScore="2" minCrapScore="2" visitedClasses="0" numClasses="0" visitedMethods="0" numMethods="1" />
              <MetadataToken>100663316</MetadataToken>
              <Name>System.Void OnlineAuction.BLL.Tests.AdminServiceTests::AddManager_throw_OperationFaildException_if_authentication_login_already_exists()</Name>
              <FileRef uid="1" />
              <SequencePoints>
                <SequencePoint vc="0" uspid="147" ordinal="0" offset="13" sl="233" sc="9" el="233" ec="10" bec="0" bev="0" fileid="1" />
                <SequencePoint vc="0" uspid="148" ordinal="1" offset="14" sl="234" sc="13" el="234" ec="35" bec="0" bev="0" fileid="1" />
                <SequencePoint vc="0" uspid="149" ordinal="2" offset="20" sl="235" sc="13" el="235" ec="56" bec="0" bev="0" fileid="1" />
                <SequencePoint vc="0" uspid="150" ordinal="3" offset="37" sl="236" sc="13" el="236" ec="46" bec="0" bev="0" fileid="1" />
                <SequencePoint vc="0" uspid="151" ordinal="4" offset="54" sl="237" sc="13" el="237" ec="102" bec="0" bev="0" fileid="1" />
                <SequencePoint vc="0" uspid="152" ordinal="5" offset="139" sl="238" sc="13" el="238" ec="111" bec="0" bev="0" fileid="1" />
                <SequencePoint vc="0" uspid="153" ordinal="6" offset="178" sl="240" sc="13" el="240" ec="118" bec="0" bev="0" fileid="1" />
                <SequencePoint vc="0" uspid="154" ordinal="7" offset="196" sl="242" sc="13" el="242" ec="92" bec="0" bev="0" fileid="1" />
                <SequencePoint vc="0" uspid="155" ordinal="8" offset="218" sl="243" sc="9" el="243" ec="10" bec="0" bev="0" fileid="1" />
              </SequencePoints>
              <BranchPoints />
              <MethodPoint vc="0" uspid="156" ordinal="0" offset="0" />
            </Method>
            <Method visited="false" cyclomaticComplexity="1" nPathComplexity="0" sequenceCoverage="0" branchCoverage="0" crapScore="2" isConstructor="false" isStatic="false" isGetter="false" isSetter="false">
              <Summary numSequencePoints="2" visitedSequencePoints="0" numBranchPoints="1" visitedBranchPoints="0" sequenceCoverage="0" branchCoverage="0" maxCyclomaticComplexity="1" minCyclomaticComplexity="1" maxCrapScore="2" minCrapScore="2" visitedClasses="0" numClasses="0" visitedMethods="0" numMethods="1" />
              <MetadataToken>100663317</MetadataToken>
              <Name>System.Void OnlineAuction.BLL.Tests.AdminServiceTests::AddManager_add_manager()</Name>
              <FileRef uid="1" />
              <SequencePoints>
                <SequencePoint vc="0" uspid="157" ordinal="0" offset="0" sl="246" sc="9" el="246" ec="10" bec="0" bev="0" fileid="1" />
                <SequencePoint vc="0" uspid="158" ordinal="1" offset="1" sl="248" sc="9" el="248" ec="10" bec="0" bev="0" fileid="1" />
              </SequencePoints>
              <BranchPoints />
              <MethodPoint xsi:type="SequencePoint" vc="0" uspid="157" ordinal="0" offset="0" sl="246" sc="9" el="246" ec="10" bec="0" bev="0" fileid="1" />
            </Method>
            <Method visited="false" cyclomaticComplexity="1" nPathComplexity="0" sequenceCoverage="0" branchCoverage="0" crapScore="2" isConstructor="true" isStatic="false" isGetter="false" isSetter="false">
              <Summary numSequencePoints="2" visitedSequencePoints="0" numBranchPoints="1" visitedBranchPoints="0" sequenceCoverage="0" branchCoverage="0" maxCyclomaticComplexity="1" minCyclomaticComplexity="1" maxCrapScore="2" minCrapScore="2" visitedClasses="0" numClasses="0" visitedMethods="0" numMethods="1" />
              <MetadataToken>100663318</MetadataToken>
              <Name>System.Void OnlineAuction.BLL.Tests.AdminServiceTests::.ctor()</Name>
              <FileRef uid="1" />
              <SequencePoints>
                <SequencePoint vc="0" uspid="159" ordinal="0" offset="0" sl="21" sc="9" el="21" ec="60" bec="0" bev="0" fileid="1" />
                <SequencePoint vc="0" uspid="160" ordinal="1" offset="11" sl="24" sc="9" el="24" ec="28" bec="0" bev="0" fileid="1" />
              </SequencePoints>
              <BranchPoints />
              <MethodPoint xsi:type="SequencePoint" vc="0" uspid="159" ordinal="0" offset="0" sl="21" sc="9" el="21" ec="60" bec="0" bev="0" fileid="1" />
            </Method>
            <Method visited="false" cyclomaticComplexity="1" nPathComplexity="0" sequenceCoverage="0" branchCoverage="0" crapScore="2" isConstructor="false" isStatic="false" isGetter="false" isSetter="false">
              <Summary numSequencePoints="1" visitedSequencePoints="0" numBranchPoints="1" visitedBranchPoints="0" sequenceCoverage="0" branchCoverage="0" maxCyclomaticComplexity="1" minCyclomaticComplexity="1" maxCrapScore="2" minCrapScore="2" visitedClasses="0" numClasses="0" visitedMethods="0" numMethods="1" />
              <MetadataToken>100663319</MetadataToken>
              <Name>System.Void OnlineAuction.BLL.Tests.AdminServiceTests::&lt;DeleteCategory_should_throw_OperationFaildException_when_parentCategory_is_null&gt;b__5_1()</Name>
              <FileRef uid="1" />
              <SequencePoints>
                <SequencePoint vc="0" uspid="161" ordinal="0" offset="0" sl="39" sc="65" el="39" ec="97" bec="0" bev="0" fileid="1" />
              </SequencePoints>
              <BranchPoints />
              <MethodPoint xsi:type="SequencePoint" vc="0" uspid="161" ordinal="0" offset="0" sl="39" sc="65" el="39" ec="97" bec="0" bev="0" fileid="1" />
            </Method>
            <Method visited="false" cyclomaticComplexity="1" nPathComplexity="0" sequenceCoverage="0" branchCoverage="0" crapScore="2" isConstructor="false" isStatic="false" isGetter="false" isSetter="false">
              <Summary numSequencePoints="1" visitedSequencePoints="0" numBranchPoints="1" visitedBranchPoints="0" sequenceCoverage="0" branchCoverage="0" maxCyclomaticComplexity="1" minCyclomaticComplexity="1" maxCrapScore="2" minCrapScore="2" visitedClasses="0" numClasses="0" visitedMethods="0" numMethods="1" />
              <MetadataToken>100663320</MetadataToken>
              <Name>System.Void OnlineAuction.BLL.Tests.AdminServiceTests::&lt;DeleteCategory_should_throw_OperationFaildException_when_category_use_in_lot&gt;b__6_1()</Name>
              <FileRef uid="1" />
              <SequencePoints>
                <SequencePoint vc="0" uspid="162" ordinal="0" offset="0" sl="53" sc="67" el="53" ec="99" bec="0" bev="0" fileid="1" />
              </SequencePoints>
              <BranchPoints />
              <MethodPoint xsi:type="SequencePoint" vc="0" uspid="162" ordinal="0" offset="0" sl="53" sc="67" el="53" ec="99" bec="0" bev="0" fileid="1" />
            </Method>
            <Method visited="false" cyclomaticComplexity="1" nPathComplexity="0" sequenceCoverage="0" branchCoverage="0" crapScore="2" isConstructor="false" isStatic="false" isGetter="false" isSetter="false">
              <Summary numSequencePoints="1" visitedSequencePoints="0" numBranchPoints="1" visitedBranchPoints="0" sequenceCoverage="0" branchCoverage="0" maxCyclomaticComplexity="1" minCyclomaticComplexity="1" maxCrapScore="2" minCrapScore="2" visitedClasses="0" numClasses="0" visitedMethods="0" numMethods="1" />
              <MetadataToken>100663321</MetadataToken>
              <Name>System.Void OnlineAuction.BLL.Tests.AdminServiceTests::&lt;DeleteCategory_should_throw_OperationFaildException_when_Category_have_chield_category&gt;b__7_2()</Name>
              <FileRef uid="1" />
              <SequencePoints>
                <SequencePoint vc="0" uspid="163" ordinal="0" offset="0" sl="68" sc="67" el="68" ec="99" bec="0" bev="0" fileid="1" />
              </SequencePoints>
              <BranchPoints />
              <MethodPoint xsi:type="SequencePoint" vc="0" uspid="163" ordinal="0" offset="0" sl="68" sc="67" el="68" ec="99" bec="0" bev="0" fileid="1" />
            </Method>
            <Method visited="false" cyclomaticComplexity="1" nPathComplexity="0" sequenceCoverage="0" branchCoverage="0" crapScore="2" isConstructor="false" isStatic="false" isGetter="false" isSetter="false">
              <Summary numSequencePoints="1" visitedSequencePoints="0" numBranchPoints="1" visitedBranchPoints="0" sequenceCoverage="0" branchCoverage="0" maxCyclomaticComplexity="1" minCyclomaticComplexity="1" maxCrapScore="2" minCrapScore="2" visitedClasses="0" numClasses="0" visitedMethods="0" numMethods="1" />
              <MetadataToken>100663322</MetadataToken>
              <Name>System.Void OnlineAuction.BLL.Tests.AdminServiceTests::&lt;UpdateCategory_should_throw_OperationFaildException_when_category_with_id_not_fount&gt;b__11_1()</Name>
              <FileRef uid="1" />
              <SequencePoints>
                <SequencePoint vc="0" uspid="164" ordinal="0" offset="0" sl="108" sc="67" el="108" ec="103" bec="0" bev="0" fileid="1" />
              </SequencePoints>
              <BranchPoints />
              <MethodPoint xsi:type="SequencePoint" vc="0" uspid="164" ordinal="0" offset="0" sl="108" sc="67" el="108" ec="103" bec="0" bev="0" fileid="1" />
            </Method>
            <Method visited="false" cyclomaticComplexity="1" nPathComplexity="0" sequenceCoverage="0" branchCoverage="0" crapScore="2" isConstructor="false" isStatic="false" isGetter="false" isSetter="false">
              <Summary numSequencePoints="1" visitedSequencePoints="0" numBranchPoints="1" visitedBranchPoints="0" sequenceCoverage="0" branchCoverage="0" maxCyclomaticComplexity="1" minCyclomaticComplexity="1" maxCrapScore="2" minCrapScore="2" visitedClasses="0" numClasses="0" visitedMethods="0" numMethods="1" />
              <MetadataToken>100663323</MetadataToken>
              <Name>System.Void OnlineAuction.BLL.Tests.AdminServiceTests::&lt;UpdateCategory_should_throw_OperationFaildException_when_parentCategory_is_null&gt;b__12_1()</Name>
              <FileRef uid="1" />
              <SequencePoints>
                <SequencePoint vc="0" uspid="165" ordinal="0" offset="0" sl="118" sc="67" el="118" ec="104" bec="0" bev="0" fileid="1" />
              </SequencePoints>
              <BranchPoints />
              <MethodPoint xsi:type="SequencePoint" vc="0" uspid="165" ordinal="0" offset="0" sl="118" sc="67" el="118" ec="104" bec="0" bev="0" fileid="1" />
            </Method>
            <Method visited="false" cyclomaticComplexity="1" nPathComplexity="0" sequenceCoverage="0" branchCoverage="0" crapScore="2" isConstructor="false" isStatic="false" isGetter="false" isSetter="false">
              <Summary numSequencePoints="1" visitedSequencePoints="0" numBranchPoints="1" visitedBranchPoints="0" sequenceCoverage="0" branchCoverage="0" maxCyclomaticComplexity="1" minCyclomaticComplexity="1" maxCrapScore="2" minCrapScore="2" visitedClasses="0" numClasses="0" visitedMethods="0" numMethods="1" />
              <MetadataToken>100663324</MetadataToken>
              <Name>System.Void OnlineAuction.BLL.Tests.AdminServiceTests::&lt;UpdateCategory_should_throw_OperationFaildException_when_Category_with_name_already_exists&gt;b__13_0()</Name>
              <FileRef uid="1" />
              <SequencePoints>
                <SequencePoint vc="0" uspid="166" ordinal="0" offset="0" sl="132" sc="67" el="132" ec="104" bec="0" bev="0" fileid="1" />
              </SequencePoints>
              <BranchPoints />
              <MethodPoint xsi:type="SequencePoint" vc="0" uspid="166" ordinal="0" offset="0" sl="132" sc="67" el="132" ec="104" bec="0" bev="0" fileid="1" />
            </Method>
            <Method visited="false" cyclomaticComplexity="1" nPathComplexity="0" sequenceCoverage="0" branchCoverage="0" crapScore="2" isConstructor="false" isStatic="false" isGetter="false" isSetter="false">
              <Summary numSequencePoints="1" visitedSequencePoints="0" numBranchPoints="1" visitedBranchPoints="0" sequenceCoverage="0" branchCoverage="0" maxCyclomaticComplexity="1" minCyclomaticComplexity="1" maxCrapScore="2" minCrapScore="2" visitedClasses="0" numClasses="0" visitedMethods="0" numMethods="1" />
              <MetadataToken>100663325</MetadataToken>
              <Name>System.Void OnlineAuction.BLL.Tests.AdminServiceTests::&lt;DeleteManeger_throw_OperationFaildException_if_maneger_is_admin_&gt;b__20_1()</Name>
              <FileRef uid="1" />
              <SequencePoints>
                <SequencePoint vc="0" uspid="167" ordinal="0" offset="0" sl="206" sc="67" el="206" ec="98" bec="0" bev="0" fileid="1" />
              </SequencePoints>
              <BranchPoints />
              <MethodPoint xsi:type="SequencePoint" vc="0" uspid="167" ordinal="0" offset="0" sl="206" sc="67" el="206" ec="98" bec="0" bev="0" fileid="1" />
            </Method>
          </Methods>
        </Class>
        <Class>
          <Summary numSequencePoints="18" visitedSequencePoints="0" numBranchPoints="8" visitedBranchPoints="0" sequenceCoverage="0" branchCoverage="0" maxCyclomaticComplexity="1" minCyclomaticComplexity="1" maxCrapScore="2" minCrapScore="2" visitedClasses="0" numClasses="1" visitedMethods="0" numMethods="8" />
          <FullName>OnlineAuction.BLL.Tests.AdminServiceTests/&lt;&gt;c</FullName>
          <Methods>
            <Method visited="false" cyclomaticComplexity="1" nPathComplexity="0" sequenceCoverage="0" branchCoverage="0" crapScore="2" isConstructor="true" isStatic="true" isGetter="false" isSetter="false">
              <Summary numSequencePoints="0" visitedSequencePoints="0" numBranchPoints="0" visitedBranchPoints="0" sequenceCoverage="0" branchCoverage="0" maxCyclomaticComplexity="1" minCyclomaticComplexity="1" maxCrapScore="2" minCrapScore="2" visitedClasses="0" numClasses="0" visitedMethods="0" numMethods="0" />
              <MetadataToken>100663360</MetadataToken>
              <Name>System.Void OnlineAuction.BLL.Tests.AdminServiceTests/&lt;&gt;c::.cctor()</Name>
              <SequencePoints />
              <BranchPoints />
              <MethodPoint vc="0" uspid="168" ordinal="0" offset="0" />
            </Method>
            <Method visited="false" cyclomaticComplexity="1" nPathComplexity="0" sequenceCoverage="0" branchCoverage="0" crapScore="2" isConstructor="true" isStatic="false" isGetter="false" isSetter="false">
              <Summary numSequencePoints="0" visitedSequencePoints="0" numBranchPoints="0" visitedBranchPoints="0" sequenceCoverage="0" branchCoverage="0" maxCyclomaticComplexity="1" minCyclomaticComplexity="1" maxCrapScore="2" minCrapScore="2" visitedClasses="0" numClasses="0" visitedMethods="0" numMethods="0" />
              <MetadataToken>100663361</MetadataToken>
              <Name>System.Void OnlineAuction.BLL.Tests.AdminServiceTests/&lt;&gt;c::.ctor()</Name>
              <SequencePoints />
              <BranchPoints />
              <MethodPoint vc="0" uspid="169" ordinal="0" offset="0" />
            </Method>
            <Method visited="false" cyclomaticComplexity="1" nPathComplexity="0" sequenceCoverage="0" branchCoverage="0" crapScore="2" isConstructor="false" isStatic="false" isGetter="false" isSetter="false">
              <Summary numSequencePoints="3" visitedSequencePoints="0" numBranchPoints="1" visitedBranchPoints="0" sequenceCoverage="0" branchCoverage="0" maxCyclomaticComplexity="1" minCyclomaticComplexity="1" maxCrapScore="2" minCrapScore="2" visitedClasses="0" numClasses="0" visitedMethods="0" numMethods="1" />
              <MetadataToken>100663362</MetadataToken>
              <Name>System.Boolean OnlineAuction.BLL.Tests.AdminServiceTests/&lt;&gt;c::&lt;DeleteCategory_should_throw_OperationFaildException_when_category_use_in_lot&gt;b__6_0(OnlineAuction.DAL.Lot)</Name>
              <FileRef uid="1" />
              <SequencePoints>
                <SequencePoint vc="0" uspid="170" ordinal="0" offset="0" sl="51" sc="39" el="51" ec="40" bec="0" bev="0" fileid="1" />
                <SequencePoint vc="0" uspid="171" ordinal="1" offset="1" sl="51" sc="41" el="51" ec="53" bec="0" bev="0" fileid="1" />
                <SequencePoint vc="0" uspid="172" ordinal="2" offset="5" sl="51" sc="54" el="51" ec="55" bec="0" bev="0" fileid="1" />
              </SequencePoints>
              <BranchPoints />
              <MethodPoint xsi:type="SequencePoint" vc="0" uspid="170" ordinal="0" offset="0" sl="51" sc="39" el="51" ec="40" bec="0" bev="0" fileid="1" />
            </Method>
            <Method visited="false" cyclomaticComplexity="1" nPathComplexity="0" sequenceCoverage="0" branchCoverage="0" crapScore="2" isConstructor="false" isStatic="false" isGetter="false" isSetter="false">
              <Summary numSequencePoints="3" visitedSequencePoints="0" numBranchPoints="1" visitedBranchPoints="0" sequenceCoverage="0" branchCoverage="0" maxCyclomaticComplexity="1" minCyclomaticComplexity="1" maxCrapScore="2" minCrapScore="2" visitedClasses="0" numClasses="0" visitedMethods="0" numMethods="1" />
              <MetadataToken>100663363</MetadataToken>
              <Name>System.Boolean OnlineAuction.BLL.Tests.AdminServiceTests/&lt;&gt;c::&lt;DeleteCategory_should_throw_OperationFaildException_when_Category_have_chield_category&gt;b__7_0(OnlineAuction.DAL.Lot)</Name>
              <FileRef uid="1" />
              <SequencePoints>
                <SequencePoint vc="0" uspid="173" ordinal="0" offset="0" sl="65" sc="39" el="65" ec="40" bec="0" bev="0" fileid="1" />
                <SequencePoint vc="0" uspid="174" ordinal="1" offset="1" sl="65" sc="41" el="65" ec="53" bec="0" bev="0" fileid="1" />
                <SequencePoint vc="0" uspid="175" ordinal="2" offset="5" sl="65" sc="54" el="65" ec="55" bec="0" bev="0" fileid="1" />
              </SequencePoints>
              <BranchPoints />
              <MethodPoint xsi:type="SequencePoint" vc="0" uspid="173" ordinal="0" offset="0" sl="65" sc="39" el="65" ec="40" bec="0" bev="0" fileid="1" />
            </Method>
            <Method visited="false" cyclomaticComplexity="1" nPathComplexity="0" sequenceCoverage="0" branchCoverage="0" crapScore="2" isConstructor="false" isStatic="false" isGetter="false" isSetter="false">
              <Summary numSequencePoints="3" visitedSequencePoints="0" numBranchPoints="1" visitedBranchPoints="0" sequenceCoverage="0" branchCoverage="0" maxCyclomaticComplexity="1" minCyclomaticComplexity="1" maxCrapScore="2" minCrapScore="2" visitedClasses="0" numClasses="0" visitedMethods="0" numMethods="1" />
              <MetadataToken>100663364</MetadataToken>
              <Name>System.Boolean OnlineAuction.BLL.Tests.AdminServiceTests/&lt;&gt;c::&lt;DeleteCategory_should_throw_OperationFaildException_when_Category_have_chield_category&gt;b__7_1(OnlineAuction.DAL.Category)</Name>
              <FileRef uid="1" />
              <SequencePoints>
                <SequencePoint vc="0" uspid="176" ordinal="0" offset="0" sl="66" sc="44" el="66" ec="45" bec="0" bev="0" fileid="1" />
                <SequencePoint vc="0" uspid="177" ordinal="1" offset="1" sl="66" sc="46" el="66" ec="58" bec="0" bev="0" fileid="1" />
                <SequencePoint vc="0" uspid="178" ordinal="2" offset="5" sl="66" sc="59" el="66" ec="60" bec="0" bev="0" fileid="1" />
              </SequencePoints>
              <BranchPoints />
              <MethodPoint xsi:type="SequencePoint" vc="0" uspid="176" ordinal="0" offset="0" sl="66" sc="44" el="66" ec="45" bec="0" bev="0" fileid="1" />
            </Method>
            <Method visited="false" cyclomaticComplexity="1" nPathComplexity="0" sequenceCoverage="0" branchCoverage="0" crapScore="2" isConstructor="false" isStatic="false" isGetter="false" isSetter="false">
              <Summary numSequencePoints="1" visitedSequencePoints="0" numBranchPoints="1" visitedBranchPoints="0" sequenceCoverage="0" branchCoverage="0" maxCyclomaticComplexity="1" minCyclomaticComplexity="1" maxCrapScore="2" minCrapScore="2" visitedClasses="0" numClasses="0" visitedMethods="0" numMethods="1" />
              <MetadataToken>100663365</MetadataToken>
              <Name>OnlineAuction.DAL.Category OnlineAuction.BLL.Tests.AdminServiceTests/&lt;&gt;c::&lt;DeleteCategory_should_stop_if_category_with_id_not_fount&gt;b__8_0(NSubstitute.Core.CallInfo)</Name>
              <FileRef uid="1" />
              <SequencePoints>
                <SequencePoint vc="0" uspid="179" ordinal="0" offset="0" sl="75" sc="55" el="75" ec="59" bec="0" bev="0" fileid="1" />
              </SequencePoints>
              <BranchPoints />
              <MethodPoint xsi:type="SequencePoint" vc="0" uspid="179" ordinal="0" offset="0" sl="75" sc="55" el="75" ec="59" bec="0" bev="0" fileid="1" />
            </Method>
            <Method visited="false" cyclomaticComplexity="1" nPathComplexity="0" sequenceCoverage="0" branchCoverage="0" crapScore="2" isConstructor="false" isStatic="false" isGetter="false" isSetter="false">
              <Summary numSequencePoints="3" visitedSequencePoints="0" numBranchPoints="1" visitedBranchPoints="0" sequenceCoverage="0" branchCoverage="0" maxCyclomaticComplexity="1" minCyclomaticComplexity="1" maxCrapScore="2" minCrapScore="2" visitedClasses="0" numClasses="0" visitedMethods="0" numMethods="1" />
              <MetadataToken>100663366</MetadataToken>
              <Name>System.Boolean OnlineAuction.BLL.Tests.AdminServiceTests/&lt;&gt;c::&lt;DeleteCategory_delete_category&gt;b__9_0(OnlineAuction.DAL.Lot)</Name>
              <FileRef uid="1" />
              <SequencePoints>
                <SequencePoint vc="0" uspid="180" ordinal="0" offset="0" sl="87" sc="39" el="87" ec="40" bec="0" bev="0" fileid="1" />
                <SequencePoint vc="0" uspid="181" ordinal="1" offset="1" sl="87" sc="41" el="87" ec="53" bec="0" bev="0" fileid="1" />
                <SequencePoint vc="0" uspid="182" ordinal="2" offset="5" sl="87" sc="54" el="87" ec="55" bec="0" bev="0" fileid="1" />
              </SequencePoints>
              <BranchPoints />
              <MethodPoint xsi:type="SequencePoint" vc="0" uspid="180" ordinal="0" offset="0" sl="87" sc="39" el="87" ec="40" bec="0" bev="0" fileid="1" />
            </Method>
            <Method visited="false" cyclomaticComplexity="1" nPathComplexity="0" sequenceCoverage="0" branchCoverage="0" crapScore="2" isConstructor="false" isStatic="false" isGetter="false" isSetter="false">
              <Summary numSequencePoints="3" visitedSequencePoints="0" numBranchPoints="1" visitedBranchPoints="0" sequenceCoverage="0" branchCoverage="0" maxCyclomaticComplexity="1" minCyclomaticComplexity="1" maxCrapScore="2" minCrapScore="2" visitedClasses="0" numClasses="0" visitedMethods="0" numMethods="1" />
              <MetadataToken>100663367</MetadataToken>
              <Name>System.Boolean OnlineAuction.BLL.Tests.AdminServiceTests/&lt;&gt;c::&lt;DeleteCategory_delete_category&gt;b__9_1(OnlineAuction.DAL.Category)</Name>
              <FileRef uid="1" />
              <SequencePoints>
                <SequencePoint vc="0" uspid="183" ordinal="0" offset="0" sl="88" sc="44" el="88" ec="45" bec="0" bev="0" fileid="1" />
                <SequencePoint vc="0" uspid="184" ordinal="1" offset="1" sl="88" sc="46" el="88" ec="58" bec="0" bev="0" fileid="1" />
                <SequencePoint vc="0" uspid="185" ordinal="2" offset="5" sl="88" sc="59" el="88" ec="60" bec="0" bev="0" fileid="1" />
              </SequencePoints>
              <BranchPoints />
              <MethodPoint xsi:type="SequencePoint" vc="0" uspid="183" ordinal="0" offset="0" sl="88" sc="44" el="88" ec="45" bec="0" bev="0" fileid="1" />
            </Method>
            <Method visited="false" cyclomaticComplexity="1" nPathComplexity="0" sequenceCoverage="0" branchCoverage="0" crapScore="2" isConstructor="false" isStatic="false" isGetter="false" isSetter="false">
              <Summary numSequencePoints="1" visitedSequencePoints="0" numBranchPoints="1" visitedBranchPoints="0" sequenceCoverage="0" branchCoverage="0" maxCyclomaticComplexity="1" minCyclomaticComplexity="1" maxCrapScore="2" minCrapScore="2" visitedClasses="0" numClasses="0" visitedMethods="0" numMethods="1" />
              <MetadataToken>100663368</MetadataToken>
              <Name>OnlineAuction.DAL.Category OnlineAuction.BLL.Tests.AdminServiceTests/&lt;&gt;c::&lt;UpdateCategory_should_throw_OperationFaildException_when_category_with_id_not_fount&gt;b__11_0(NSubstitute.Core.CallInfo)</Name>
              <FileRef uid="1" />
              <SequencePoints>
                <SequencePoint vc="0" uspid="186" ordinal="0" offset="0" sl="106" sc="55" el="106" ec="59" bec="0" bev="0" fileid="1" />
              </SequencePoints>
              <BranchPoints />
              <MethodPoint xsi:type="SequencePoint" vc="0" uspid="186" ordinal="0" offset="0" sl="106" sc="55" el="106" ec="59" bec="0" bev="0" fileid="1" />
            </Method>
            <Method visited="false" cyclomaticComplexity="1" nPathComplexity="0" sequenceCoverage="0" branchCoverage="0" crapScore="2" isConstructor="false" isStatic="false" isGetter="false" isSetter="false">
              <Summary numSequencePoints="1" visitedSequencePoints="0" numBranchPoints="1" visitedBranchPoints="0" sequenceCoverage="0" branchCoverage="0" maxCyclomaticComplexity="1" minCyclomaticComplexity="1" maxCrapScore="2" minCrapScore="2" visitedClasses="0" numClasses="0" visitedMethods="0" numMethods="1" />
              <MetadataToken>100663369</MetadataToken>
              <Name>OnlineAuction.DAL.AdvancedUser OnlineAuction.BLL.Tests.AdminServiceTests/&lt;&gt;c::&lt;DeleteManeger_should_stop_if_maneger_with_id_not_fount&gt;b__19_0(NSubstitute.Core.CallInfo)</Name>
              <FileRef uid="1" />
              <SequencePoints>
                <SequencePoint vc="0" uspid="187" ordinal="0" offset="0" sl="194" sc="74" el="194" ec="78" bec="0" bev="0" fileid="1" />
              </SequencePoints>
              <BranchPoints />
              <MethodPoint xsi:type="SequencePoint" vc="0" uspid="187" ordinal="0" offset="0" sl="194" sc="74" el="194" ec="78" bec="0" bev="0" fileid="1" />
            </Method>
          </Methods>
        </Class>
        <Class>
          <Summary numSequencePoints="1" visitedSequencePoints="0" numBranchPoints="1" visitedBranchPoints="0" sequenceCoverage="0" branchCoverage="0" maxCyclomaticComplexity="1" minCyclomaticComplexity="1" maxCrapScore="2" minCrapScore="2" visitedClasses="0" numClasses="1" visitedMethods="0" numMethods="1" />
          <FullName>OnlineAuction.BLL.Tests.AdminServiceTests/&lt;&gt;c__DisplayClass15_0</FullName>
          <Methods>
            <Method visited="false" cyclomaticComplexity="1" nPathComplexity="0" sequenceCoverage="0" branchCoverage="0" crapScore="2" isConstructor="true" isStatic="false" isGetter="false" isSetter="false">
              <Summary numSequencePoints="0" visitedSequencePoints="0" numBranchPoints="0" visitedBranchPoints="0" sequenceCoverage="0" branchCoverage="0" maxCyclomaticComplexity="1" minCyclomaticComplexity="1" maxCrapScore="2" minCrapScore="2" visitedClasses="0" numClasses="0" visitedMethods="0" numMethods="0" />
              <MetadataToken>100663370</MetadataToken>
              <Name>System.Void OnlineAuction.BLL.Tests.AdminServiceTests/&lt;&gt;c__DisplayClass15_0::.ctor()</Name>
              <SequencePoints />
              <BranchPoints />
              <MethodPoint vc="0" uspid="188" ordinal="0" offset="0" />
            </Method>
            <Method visited="false" cyclomaticComplexity="1" nPathComplexity="0" sequenceCoverage="0" branchCoverage="0" crapScore="2" isConstructor="false" isStatic="false" isGetter="false" isSetter="false">
              <Summary numSequencePoints="1" visitedSequencePoints="0" numBranchPoints="1" visitedBranchPoints="0" sequenceCoverage="0" branchCoverage="0" maxCyclomaticComplexity="1" minCyclomaticComplexity="1" maxCrapScore="2" minCrapScore="2" visitedClasses="0" numClasses="0" visitedMethods="0" numMethods="1" />
              <MetadataToken>100663371</MetadataToken>
              <Name>System.Void OnlineAuction.BLL.Tests.AdminServiceTests/&lt;&gt;c__DisplayClass15_0::&lt;AddCategory_throw_ValidationException_if_category__without_name&gt;b__1()</Name>
              <FileRef uid="1" />
              <SequencePoints>
                <SequencePoint vc="0" uspid="189" ordinal="0" offset="0" sl="155" sc="96" el="155" ec="131" bec="0" bev="0" fileid="1" />
              </SequencePoints>
              <BranchPoints />
              <MethodPoint xsi:type="SequencePoint" vc="0" uspid="189" ordinal="0" offset="0" sl="155" sc="96" el="155" ec="131" bec="0" bev="0" fileid="1" />
            </Method>
          </Methods>
        </Class>
        <Class>
          <Summary numSequencePoints="1" visitedSequencePoints="0" numBranchPoints="1" visitedBranchPoints="0" sequenceCoverage="0" branchCoverage="0" maxCyclomaticComplexity="1" minCyclomaticComplexity="1" maxCrapScore="2" minCrapScore="2" visitedClasses="0" numClasses="1" visitedMethods="0" numMethods="1" />
          <FullName>OnlineAuction.BLL.Tests.AdminServiceTests/&lt;&gt;c__DisplayClass16_0</FullName>
          <Methods>
            <Method visited="false" cyclomaticComplexity="1" nPathComplexity="0" sequenceCoverage="0" branchCoverage="0" crapScore="2" isConstructor="true" isStatic="false" isGetter="false" isSetter="false">
              <Summary numSequencePoints="0" visitedSequencePoints="0" numBranchPoints="0" visitedBranchPoints="0" sequenceCoverage="0" branchCoverage="0" maxCyclomaticComplexity="1" minCyclomaticComplexity="1" maxCrapScore="2" minCrapScore="2" visitedClasses="0" numClasses="0" visitedMethods="0" numMethods="0" />
              <MetadataToken>100663372</MetadataToken>
              <Name>System.Void OnlineAuction.BLL.Tests.AdminServiceTests/&lt;&gt;c__DisplayClass16_0::.ctor()</Name>
              <SequencePoints />
              <BranchPoints />
              <MethodPoint vc="0" uspid="190" ordinal="0" offset="0" />
            </Method>
            <Method visited="false" cyclomaticComplexity="1" nPathComplexity="0" sequenceCoverage="0" branchCoverage="0" crapScore="2" isConstructor="false" isStatic="false" isGetter="false" isSetter="false">
              <Summary numSequencePoints="1" visitedSequencePoints="0" numBranchPoints="1" visitedBranchPoints="0" sequenceCoverage="0" branchCoverage="0" maxCyclomaticComplexity="1" minCyclomaticComplexity="1" maxCrapScore="2" minCrapScore="2" visitedClasses="0" numClasses="0" visitedMethods="0" numMethods="1" />
              <MetadataToken>100663373</MetadataToken>
              <Name>System.Void OnlineAuction.BLL.Tests.AdminServiceTests/&lt;&gt;c__DisplayClass16_0::&lt;AddCategory_should_stop_if_category_null&gt;b__0()</Name>
              <FileRef uid="1" />
              <SequencePoints>
                <SequencePoint vc="0" uspid="191" ordinal="0" offset="0" sl="164" sc="65" el="164" ec="100" bec="0" bev="0" fileid="1" />
              </SequencePoints>
              <BranchPoints />
              <MethodPoint xsi:type="SequencePoint" vc="0" uspid="191" ordinal="0" offset="0" sl="164" sc="65" el="164" ec="100" bec="0" bev="0" fileid="1" />
            </Method>
          </Methods>
        </Class>
        <Class>
          <Summary numSequencePoints="1" visitedSequencePoints="0" numBranchPoints="1" visitedBranchPoints="0" sequenceCoverage="0" branchCoverage="0" maxCyclomaticComplexity="1" minCyclomaticComplexity="1" maxCrapScore="2" minCrapScore="2" visitedClasses="0" numClasses="1" visitedMethods="0" numMethods="1" />
          <FullName>OnlineAuction.BLL.Tests.AdminServiceTests/&lt;&gt;c__DisplayClass22_0</FullName>
          <Methods>
            <Method visited="false" cyclomaticComplexity="1" nPathComplexity="0" sequenceCoverage="0" branchCoverage="0" crapScore="2" isConstructor="true" isStatic="false" isGetter="false" isSetter="false">
              <Summary numSequencePoints="0" visitedSequencePoints="0" numBranchPoints="0" visitedBranchPoints="0" sequenceCoverage="0" branchCoverage="0" maxCyclomaticComplexity="1" minCyclomaticComplexity="1" maxCrapScore="2" minCrapScore="2" visitedClasses="0" numClasses="0" visitedMethods="0" numMethods="0" />
              <MetadataToken>100663374</MetadataToken>
              <Name>System.Void OnlineAuction.BLL.Tests.AdminServiceTests/&lt;&gt;c__DisplayClass22_0::.ctor()</Name>
              <SequencePoints />
              <BranchPoints />
              <MethodPoint vc="0" uspid="192" ordinal="0" offset="0" />
            </Method>
            <Method visited="false" cyclomaticComplexity="1" nPathComplexity="0" sequenceCoverage="0" branchCoverage="0" crapScore="2" isConstructor="false" isStatic="false" isGetter="false" isSetter="false">
              <Summary numSequencePoints="1" visitedSequencePoints="0" numBranchPoints="1" visitedBranchPoints="0" sequenceCoverage="0" branchCoverage="0" maxCyclomaticComplexity="1" minCyclomaticComplexity="1" maxCrapScore="2" minCrapScore="2" visitedClasses="0" numClasses="0" visitedMethods="0" numMethods="1" />
              <MetadataToken>100663375</MetadataToken>
              <Name>System.Void OnlineAuction.BLL.Tests.AdminServiceTests/&lt;&gt;c__DisplayClass22_0::&lt;AddManager_throw_ValidationException_if_person_or_authentication_vaild_error&gt;b__0()</Name>
              <FileRef uid="1" />
              <SequencePoints>
                <SequencePoint vc="0" uspid="193" ordinal="0" offset="0" sl="227" sc="63" el="227" ec="112" bec="0" bev="0" fileid="1" />
              </SequencePoints>
              <BranchPoints />
              <MethodPoint xsi:type="SequencePoint" vc="0" uspid="193" ordinal="0" offset="0" sl="227" sc="63" el="227" ec="112" bec="0" bev="0" fileid="1" />
            </Method>
          </Methods>
        </Class>
        <Class>
          <Summary numSequencePoints="1" visitedSequencePoints="0" numBranchPoints="1" visitedBranchPoints="0" sequenceCoverage="0" branchCoverage="0" maxCyclomaticComplexity="1" minCyclomaticComplexity="1" maxCrapScore="2" minCrapScore="2" visitedClasses="0" numClasses="1" visitedMethods="0" numMethods="1" />
          <FullName>OnlineAuction.BLL.Tests.AdminServiceTests/&lt;&gt;c__DisplayClass23_0</FullName>
          <Methods>
            <Method visited="false" cyclomaticComplexity="1" nPathComplexity="0" sequenceCoverage="0" branchCoverage="0" crapScore="2" isConstructor="true" isStatic="false" isGetter="false" isSetter="false">
              <Summary numSequencePoints="0" visitedSequencePoints="0" numBranchPoints="0" visitedBranchPoints="0" sequenceCoverage="0" branchCoverage="0" maxCyclomaticComplexity="1" minCyclomaticComplexity="1" maxCrapScore="2" minCrapScore="2" visitedClasses="0" numClasses="0" visitedMethods="0" numMethods="0" />
              <MetadataToken>100663376</MetadataToken>
              <Name>System.Void OnlineAuction.BLL.Tests.AdminServiceTests/&lt;&gt;c__DisplayClass23_0::.ctor()</Name>
              <SequencePoints />
              <BranchPoints />
              <MethodPoint vc="0" uspid="194" ordinal="0" offset="0" />
            </Method>
            <Method visited="false" cyclomaticComplexity="1" nPathComplexity="0" sequenceCoverage="0" branchCoverage="0" crapScore="2" isConstructor="false" isStatic="false" isGetter="false" isSetter="false">
              <Summary numSequencePoints="1" visitedSequencePoints="0" numBranchPoints="1" visitedBranchPoints="0" sequenceCoverage="0" branchCoverage="0" maxCyclomaticComplexity="1" minCyclomaticComplexity="1" maxCrapScore="2" minCrapScore="2" visitedClasses="0" numClasses="0" visitedMethods="0" numMethods="1" />
              <MetadataToken>100663377</MetadataToken>
              <Name>System.Void OnlineAuction.BLL.Tests.AdminServiceTests/&lt;&gt;c__DisplayClass23_0::&lt;AddManager_throw_OperationFaildException_if_authentication_login_already_exists&gt;b__1()</Name>
              <FileRef uid="1" />
              <SequencePoints>
                <SequencePoint vc="0" uspid="195" ordinal="0" offset="0" sl="240" sc="67" el="240" ec="116" bec="0" bev="0" fileid="1" />
              </SequencePoints>
              <BranchPoints />
              <MethodPoint xsi:type="SequencePoint" vc="0" uspid="195" ordinal="0" offset="0" sl="240" sc="67" el="240" ec="116" bec="0" bev="0" fileid="1" />
            </Method>
          </Methods>
        </Class>
        <Class>
          <Summary numSequencePoints="39" visitedSequencePoints="0" numBranchPoints="8" visitedBranchPoints="0" sequenceCoverage="0" branchCoverage="0" maxCyclomaticComplexity="2" minCyclomaticComplexity="1" maxCrapScore="6" minCrapScore="2" visitedClasses="0" numClasses="1" visitedMethods="0" numMethods="8" />
          <FullName>OnlineAuction.BLL.Tests.AuthenticationServiceTests</FullName>
          <Methods>
            <Method visited="false" cyclomaticComplexity="1" nPathComplexity="0" sequenceCoverage="0" branchCoverage="0" crapScore="2" isConstructor="false" isStatic="false" isGetter="false" isSetter="false">
              <Summary numSequencePoints="4" visitedSequencePoints="0" numBranchPoints="1" visitedBranchPoints="0" sequenceCoverage="0" branchCoverage="0" maxCyclomaticComplexity="1" minCyclomaticComplexity="1" maxCrapScore="2" minCrapScore="2" visitedClasses="0" numClasses="0" visitedMethods="0" numMethods="1" />
              <MetadataToken>100663326</MetadataToken>
              <Name>System.Void OnlineAuction.BLL.Tests.AuthenticationServiceTests::SetUp()</Name>
              <FileRef uid="7" />
              <SequencePoints>
                <SequencePoint vc="0" uspid="196" ordinal="0" offset="0" sl="27" sc="9" el="27" ec="10" bec="0" bev="0" fileid="7" />
                <SequencePoint vc="0" uspid="197" ordinal="1" offset="1" sl="28" sc="13" el="28" ec="57" bec="0" bev="0" fileid="7" />
                <SequencePoint vc="0" uspid="198" ordinal="2" offset="17" sl="29" sc="13" el="29" ec="70" bec="0" bev="0" fileid="7" />
                <SequencePoint vc="0" uspid="199" ordinal="3" offset="34" sl="30" sc="9" el="30" ec="10" bec="0" bev="0" fileid="7" />
              </SequencePoints>
              <BranchPoints />
              <MethodPoint xsi:type="SequencePoint" vc="0" uspid="196" ordinal="0" offset="0" sl="27" sc="9" el="27" ec="10" bec="0" bev="0" fileid="7" />
            </Method>
            <Method visited="false" cyclomaticComplexity="1" nPathComplexity="0" sequenceCoverage="0" branchCoverage="0" crapScore="2" isConstructor="false" isStatic="false" isGetter="false" isSetter="false">
              <Summary numSequencePoints="4" visitedSequencePoints="0" numBranchPoints="1" visitedBranchPoints="0" sequenceCoverage="0" branchCoverage="0" maxCyclomaticComplexity="1" minCyclomaticComplexity="1" maxCrapScore="2" minCrapScore="2" visitedClasses="0" numClasses="0" visitedMethods="0" numMethods="1" />
              <MetadataToken>100663327</MetadataToken>
              <Name>System.Void OnlineAuction.BLL.Tests.AuthenticationServiceTests::GetAuthenticationId_should_return_0_when_authentication_is_null()</Name>
              <FileRef uid="7" />
              <SequencePoints>
                <SequencePoint vc="0" uspid="200" ordinal="0" offset="0" sl="33" sc="9" el="33" ec="10" bec="0" bev="0" fileid="7" />
                <SequencePoint vc="0" uspid="201" ordinal="1" offset="1" sl="34" sc="13" el="34" ec="68" bec="0" bev="0" fileid="7" />
                <SequencePoint vc="0" uspid="202" ordinal="2" offset="14" sl="36" sc="13" el="36" ec="40" bec="0" bev="0" fileid="7" />
                <SequencePoint vc="0" uspid="203" ordinal="3" offset="32" sl="37" sc="9" el="37" ec="10" bec="0" bev="0" fileid="7" />
              </SequencePoints>
              <BranchPoints />
              <MethodPoint xsi:type="SequencePoint" vc="0" uspid="200" ordinal="0" offset="0" sl="33" sc="9" el="33" ec="10" bec="0" bev="0" fileid="7" />
            </Method>
            <Method visited="false" cyclomaticComplexity="1" nPathComplexity="0" sequenceCoverage="0" branchCoverage="0" crapScore="2" isConstructor="false" isStatic="false" isGetter="false" isSetter="false">
              <Summary numSequencePoints="4" visitedSequencePoints="0" numBranchPoints="1" visitedBranchPoints="0" sequenceCoverage="0" branchCoverage="0" maxCyclomaticComplexity="1" minCyclomaticComplexity="1" maxCrapScore="2" minCrapScore="2" visitedClasses="0" numClasses="0" visitedMethods="0" numMethods="1" />
              <MetadataToken>100663328</MetadataToken>
              <Name>System.Void OnlineAuction.BLL.Tests.AuthenticationServiceTests::GetAuthenticationId_should_return_0_when_Find_return_empty_list(OnlineAuction.BLL.DTO.AuthenticationDTO)</Name>
              <FileRef uid="7" />
              <SequencePoints>
[...]
              </SequencePoints>
              <BranchPoints>
                <BranchPoint vc="0" uspid="1807" ordinal="0" offset="263" sl="22" path="0" offsetend="265" fileid="155" />
                <BranchPoint vc="0" uspid="1808" ordinal="1" offset="263" sl="22" path="1" offsetend="197" fileid="155" />
              </BranchPoints>
              <MethodPoint xsi:type="SequencePoint" vc="0" uspid="1757" ordinal="0" offset="0" sl="13" sc="9" el="13" ec="10" bec="0" bev="0" fileid="155" />
            </Method>
            <Method visited="false" cyclomaticComplexity="1" nPathComplexity="0" sequenceCoverage="0" branchCoverage="0" crapScore="2" isConstructor="true" isStatic="false" isGetter="false" isSetter="false">
              <Summary numSequencePoints="0" visitedSequencePoints="0" numBranchPoints="0" visitedBranchPoints="0" sequenceCoverage="0" branchCoverage="0" maxCyclomaticComplexity="1" minCyclomaticComplexity="1" maxCrapScore="2" minCrapScore="2" visitedClasses="0" numClasses="0" visitedMethods="0" numMethods="0" />
              <MetadataToken>100663522</MetadataToken>
              <Name>System.Void OnlineAuction.DAL.Context.DropCreateDBOnModelChanged::.ctor()</Name>
              <SequencePoints />
              <BranchPoints />
              <MethodPoint vc="0" uspid="1809" ordinal="0" offset="0" />
            </Method>
          </Methods>
        </Class>
        <Class>
          <Summary numSequencePoints="9" visitedSequencePoints="0" numBranchPoints="3" visitedBranchPoints="0" sequenceCoverage="0" branchCoverage="0" maxCyclomaticComplexity="1" minCyclomaticComplexity="1" maxCrapScore="2" minCrapScore="2" visitedClasses="0" numClasses="1" visitedMethods="0" numMethods="3" />
          <FullName>OnlineAuction.DAL.Context.OnlineAuctionContext</FullName>
          <Methods>
            <Method skippedDueTo="AutoImplementedProperty" visited="false" cyclomaticComplexity="1" nPathComplexity="0" sequenceCoverage="0" branchCoverage="0" crapScore="0" isConstructor="false" isStatic="false" isGetter="true" isSetter="false">
              <MetadataToken>100663525</MetadataToken>
              <Name>System.Data.Entity.DbSet`1&lt;OnlineAuction.DAL.Authentication&gt; OnlineAuction.DAL.Context.OnlineAuctionContext::get_Authentication()</Name>
              <FileRef uid="156" />
              <SequencePoints />
              <BranchPoints />
            </Method>
            <Method skippedDueTo="AutoImplementedProperty" visited="false" cyclomaticComplexity="1" nPathComplexity="0" sequenceCoverage="0" branchCoverage="0" crapScore="0" isConstructor="false" isStatic="false" isGetter="false" isSetter="true">
              <MetadataToken>100663526</MetadataToken>
              <Name>System.Void OnlineAuction.DAL.Context.OnlineAuctionContext::set_Authentication(System.Data.Entity.DbSet`1&lt;OnlineAuction.DAL.Authentication&gt;)</Name>
              <FileRef uid="156" />
              <SequencePoints />
              <BranchPoints />
            </Method>
            <Method skippedDueTo="AutoImplementedProperty" visited="false" cyclomaticComplexity="1" nPathComplexity="0" sequenceCoverage="0" branchCoverage="0" crapScore="0" isConstructor="false" isStatic="false" isGetter="true" isSetter="false">
              <MetadataToken>100663527</MetadataToken>
              <Name>System.Data.Entity.DbSet`1&lt;OnlineAuction.DAL.Bet&gt; OnlineAuction.DAL.Context.OnlineAuctionContext::get_Bet()</Name>
              <FileRef uid="156" />
              <SequencePoints />
              <BranchPoints />
            </Method>
            <Method skippedDueTo="AutoImplementedProperty" visited="false" cyclomaticComplexity="1" nPathComplexity="0" sequenceCoverage="0" branchCoverage="0" crapScore="0" isConstructor="false" isStatic="false" isGetter="false" isSetter="true">
              <MetadataToken>100663528</MetadataToken>
              <Name>System.Void OnlineAuction.DAL.Context.OnlineAuctionContext::set_Bet(System.Data.Entity.DbSet`1&lt;OnlineAuction.DAL.Bet&gt;)</Name>
              <FileRef uid="156" />
              <SequencePoints />
              <BranchPoints />
            </Method>
            <Method skippedDueTo="AutoImplementedProperty" visited="false" cyclomaticComplexity="1" nPathComplexity="0" sequenceCoverage="0" branchCoverage="0" crapScore="0" isConstructor="false" isStatic="false" isGetter="true" isSetter="false">
              <MetadataToken>100663529</MetadataToken>
              <Name>System.Data.Entity.DbSet`1&lt;OnlineAuction.DAL.Category&gt; OnlineAuction.DAL.Context.OnlineAuctionContext::get_Category()</Name>
              <FileRef uid="156" />
              <SequencePoints />
              <BranchPoints />
            </Method>
            <Method skippedDueTo="AutoImplementedProperty" visited="false" cyclomaticComplexity="1" nPathComplexity="0" sequenceCoverage="0" branchCoverage="0" crapScore="0" isConstructor="false" isStatic="false" isGetter="false" isSetter="true">
              <MetadataToken>100663530</MetadataToken>
              <Name>System.Void OnlineAuction.DAL.Context.OnlineAuctionContext::set_Category(System.Data.Entity.DbSet`1&lt;OnlineAuction.DAL.Category&gt;)</Name>
              <FileRef uid="156" />
              <SequencePoints />
              <BranchPoints />
            </Method>
            <Method skippedDueTo="AutoImplementedProperty" visited="false" cyclomaticComplexity="1" nPathComplexity="0" sequenceCoverage="0" branchCoverage="0" crapScore="0" isConstructor="false" isStatic="false" isGetter="true" isSetter="false">
              <MetadataToken>100663531</MetadataToken>
              <Name>System.Data.Entity.DbSet`1&lt;OnlineAuction.DAL.DeliveryAndPayment&gt; OnlineAuction.DAL.Context.OnlineAuctionContext::get_DeliveryAndPayment()</Name>
              <FileRef uid="156" />
              <SequencePoints />
              <BranchPoints />
            </Method>
            <Method skippedDueTo="AutoImplementedProperty" visited="false" cyclomaticComplexity="1" nPathComplexity="0" sequenceCoverage="0" branchCoverage="0" crapScore="0" isConstructor="false" isStatic="false" isGetter="false" isSetter="true">
              <MetadataToken>100663532</MetadataToken>
              <Name>System.Void OnlineAuction.DAL.Context.OnlineAuctionContext::set_DeliveryAndPayment(System.Data.Entity.DbSet`1&lt;OnlineAuction.DAL.DeliveryAndPayment&gt;)</Name>
              <FileRef uid="156" />
              <SequencePoints />
              <BranchPoints />
            </Method>
            <Method skippedDueTo="AutoImplementedProperty" visited="false" cyclomaticComplexity="1" nPathComplexity="0" sequenceCoverage="0" branchCoverage="0" crapScore="0" isConstructor="false" isStatic="false" isGetter="true" isSetter="false">
              <MetadataToken>100663533</MetadataToken>
              <Name>System.Data.Entity.DbSet`1&lt;OnlineAuction.DAL.Image&gt; OnlineAuction.DAL.Context.OnlineAuctionContext::get_Image()</Name>
              <FileRef uid="156" />
              <SequencePoints />
              <BranchPoints />
            </Method>
            <Method skippedDueTo="AutoImplementedProperty" visited="false" cyclomaticComplexity="1" nPathComplexity="0" sequenceCoverage="0" branchCoverage="0" crapScore="0" isConstructor="false" isStatic="false" isGetter="false" isSetter="true">
              <MetadataToken>100663534</MetadataToken>
              <Name>System.Void OnlineAuction.DAL.Context.OnlineAuctionContext::set_Image(System.Data.Entity.DbSet`1&lt;OnlineAuction.DAL.Image&gt;)</Name>
              <FileRef uid="156" />
              <SequencePoints />
              <BranchPoints />
            </Method>
            <Method skippedDueTo="AutoImplementedProperty" visited="false" cyclomaticComplexity="1" nPathComplexity="0" sequenceCoverage="0" branchCoverage="0" crapScore="0" isConstructor="false" isStatic="false" isGetter="true" isSetter="false">
              <MetadataToken>100663535</MetadataToken>
              <Name>System.Data.Entity.DbSet`1&lt;OnlineAuction.DAL.Lot&gt; OnlineAuction.DAL.Context.OnlineAuctionContext::get_Lot()</Name>
              <FileRef uid="156" />
              <SequencePoints />
              <BranchPoints />
            </Method>
            <Method skippedDueTo="AutoImplementedProperty" visited="false" cyclomaticComplexity="1" nPathComplexity="0" sequenceCoverage="0" branchCoverage="0" crapScore="0" isConstructor="false" isStatic="false" isGetter="false" isSetter="true">
              <MetadataToken>100663536</MetadataToken>
              <Name>System.Void OnlineAuction.DAL.Context.OnlineAuctionContext::set_Lot(System.Data.Entity.DbSet`1&lt;OnlineAuction.DAL.Lot&gt;)</Name>
              <FileRef uid="156" />
              <SequencePoints />
              <BranchPoints />
            </Method>
            <Method skippedDueTo="AutoImplementedProperty" visited="false" cyclomaticComplexity="1" nPathComplexity="0" sequenceCoverage="0" branchCoverage="0" crapScore="0" isConstructor="false" isStatic="false" isGetter="true" isSetter="false">
              <MetadataToken>100663537</MetadataToken>
              <Name>System.Data.Entity.DbSet`1&lt;OnlineAuction.DAL.AdvancedUser&gt; OnlineAuction.DAL.Context.OnlineAuctionContext::get_AdvancedUser()</Name>
              <FileRef uid="156" />
              <SequencePoints />
              <BranchPoints />
            </Method>
            <Method skippedDueTo="AutoImplementedProperty" visited="false" cyclomaticComplexity="1" nPathComplexity="0" sequenceCoverage="0" branchCoverage="0" crapScore="0" isConstructor="false" isStatic="false" isGetter="false" isSetter="true">
              <MetadataToken>100663538</MetadataToken>
              <Name>System.Void OnlineAuction.DAL.Context.OnlineAuctionContext::set_AdvancedUser(System.Data.Entity.DbSet`1&lt;OnlineAuction.DAL.AdvancedUser&gt;)</Name>
              <FileRef uid="156" />
              <SequencePoints />
              <BranchPoints />
            </Method>
            <Method skippedDueTo="AutoImplementedProperty" visited="false" cyclomaticComplexity="1" nPathComplexity="0" sequenceCoverage="0" branchCoverage="0" crapScore="0" isConstructor="false" isStatic="false" isGetter="true" isSetter="false">
              <MetadataToken>100663539</MetadataToken>
              <Name>System.Data.Entity.DbSet`1&lt;OnlineAuction.DAL.Moderation&gt; OnlineAuction.DAL.Context.OnlineAuctionContext::get_Moderation()</Name>
              <FileRef uid="156" />
              <SequencePoints />
              <BranchPoints />
            </Method>
            <Method skippedDueTo="AutoImplementedProperty" visited="false" cyclomaticComplexity="1" nPathComplexity="0" sequenceCoverage="0" branchCoverage="0" crapScore="0" isConstructor="false" isStatic="false" isGetter="false" isSetter="true">
              <MetadataToken>100663540</MetadataToken>
              <Name>System.Void OnlineAuction.DAL.Context.OnlineAuctionContext::set_Moderation(System.Data.Entity.DbSet`1&lt;OnlineAuction.DAL.Moderation&gt;)</Name>
              <FileRef uid="156" />
              <SequencePoints />
              <BranchPoints />
            </Method>
            <Method skippedDueTo="AutoImplementedProperty" visited="false" cyclomaticComplexity="1" nPathComplexity="0" sequenceCoverage="0" branchCoverage="0" crapScore="0" isConstructor="false" isStatic="false" isGetter="true" isSetter="false">
              <MetadataToken>100663541</MetadataToken>
              <Name>System.Data.Entity.DbSet`1&lt;OnlineAuction.DAL.Product&gt; OnlineAuction.DAL.Context.OnlineAuctionContext::get_Product()</Name>
              <FileRef uid="156" />
              <SequencePoints />
              <BranchPoints />
            </Method>
            <Method skippedDueTo="AutoImplementedProperty" visited="false" cyclomaticComplexity="1" nPathComplexity="0" sequenceCoverage="0" branchCoverage="0" crapScore="0" isConstructor="false" isStatic="false" isGetter="false" isSetter="true">
              <MetadataToken>100663542</MetadataToken>
              <Name>System.Void OnlineAuction.DAL.Context.OnlineAuctionContext::set_Product(System.Data.Entity.DbSet`1&lt;OnlineAuction.DAL.Product&gt;)</Name>
              <FileRef uid="156" />
              <SequencePoints />
              <BranchPoints />
            </Method>
            <Method skippedDueTo="AutoImplementedProperty" visited="false" cyclomaticComplexity="1" nPathComplexity="0" sequenceCoverage="0" branchCoverage="0" crapScore="0" isConstructor="false" isStatic="false" isGetter="true" isSetter="false">
              <MetadataToken>100663543</MetadataToken>
              <Name>System.Data.Entity.DbSet`1&lt;OnlineAuction.DAL.User&gt; OnlineAuction.DAL.Context.OnlineAuctionContext::get_User()</Name>
              <FileRef uid="156" />
              <SequencePoints />
              <BranchPoints />
            </Method>
            <Method skippedDueTo="AutoImplementedProperty" visited="false" cyclomaticComplexity="1" nPathComplexity="0" sequenceCoverage="0" branchCoverage="0" crapScore="0" isConstructor="false" isStatic="false" isGetter="false" isSetter="true">
              <MetadataToken>100663544</MetadataToken>
              <Name>System.Void OnlineAuction.DAL.Context.OnlineAuctionContext::set_User(System.Data.Entity.DbSet`1&lt;OnlineAuction.DAL.User&gt;)</Name>
              <FileRef uid="156" />
              <SequencePoints />
              <BranchPoints />
            </Method>
            <Method visited="false" cyclomaticComplexity="1" nPathComplexity="0" sequenceCoverage="0" branchCoverage="0" crapScore="2" isConstructor="true" isStatic="true" isGetter="false" isSetter="false">
              <Summary numSequencePoints="3" visitedSequencePoints="0" numBranchPoints="1" visitedBranchPoints="0" sequenceCoverage="0" branchCoverage="0" maxCyclomaticComplexity="1" minCyclomaticComplexity="1" maxCrapScore="2" minCrapScore="2" visitedClasses="0" numClasses="0" visitedMethods="0" numMethods="1" />
              <MetadataToken>100663523</MetadataToken>
              <Name>System.Void OnlineAuction.DAL.Context.OnlineAuctionContext::.cctor()</Name>
              <FileRef uid="156" />
              <SequencePoints>
                <SequencePoint vc="0" uspid="1810" ordinal="0" offset="0" sl="8" sc="9" el="8" ec="10" bec="0" bev="0" fileid="156" />
                <SequencePoint vc="0" uspid="1811" ordinal="1" offset="1" sl="9" sc="13" el="9" ec="93" bec="0" bev="0" fileid="156" />
                <SequencePoint vc="0" uspid="1812" ordinal="2" offset="12" sl="10" sc="9" el="10" ec="10" bec="0" bev="0" fileid="156" />
              </SequencePoints>
              <BranchPoints />
              <MethodPoint xsi:type="SequencePoint" vc="0" uspid="1810" ordinal="0" offset="0" sl="8" sc="9" el="8" ec="10" bec="0" bev="0" fileid="156" />
            </Method>
            <Method visited="false" cyclomaticComplexity="1" nPathComplexity="0" sequenceCoverage="0" branchCoverage="0" crapScore="2" isConstructor="true" isStatic="false" isGetter="false" isSetter="false">
              <Summary numSequencePoints="3" visitedSequencePoints="0" numBranchPoints="1" visitedBranchPoints="0" sequenceCoverage="0" branchCoverage="0" maxCyclomaticComplexity="1" minCyclomaticComplexity="1" maxCrapScore="2" minCrapScore="2" visitedClasses="0" numClasses="0" visitedMethods="0" numMethods="1" />
              <MetadataToken>100663524</MetadataToken>
              <Name>System.Void OnlineAuction.DAL.Context.OnlineAuctionContext::.ctor(System.String)</Name>
              <FileRef uid="156" />
              <SequencePoints>
                <SequencePoint vc="0" uspid="1813" ordinal="0" offset="0" sl="11" sc="84" el="11" ec="106" bec="0" bev="0" fileid="156" />
                <SequencePoint vc="0" uspid="1814" ordinal="1" offset="8" sl="12" sc="9" el="12" ec="10" bec="0" bev="0" fileid="156" />
                <SequencePoint vc="0" uspid="1815" ordinal="2" offset="9" sl="14" sc="9" el="14" ec="10" bec="0" bev="0" fileid="156" />
              </SequencePoints>
              <BranchPoints />
              <MethodPoint xsi:type="SequencePoint" vc="0" uspid="1813" ordinal="0" offset="0" sl="11" sc="84" el="11" ec="106" bec="0" bev="0" fileid="156" />
            </Method>
            <Method visited="false" cyclomaticComplexity="1" nPathComplexity="0" sequenceCoverage="0" branchCoverage="0" crapScore="2" isConstructor="false" isStatic="false" isGetter="false" isSetter="false">
              <Summary numSequencePoints="3" visitedSequencePoints="0" numBranchPoints="1" visitedBranchPoints="0" sequenceCoverage="0" branchCoverage="0" maxCyclomaticComplexity="1" minCyclomaticComplexity="1" maxCrapScore="2" minCrapScore="2" visitedClasses="0" numClasses="0" visitedMethods="0" numMethods="1" />
              <MetadataToken>100663545</MetadataToken>
              <Name>System.Void OnlineAuction.DAL.Context.OnlineAuctionContext::OnModelCreating(System.Data.Entity.DbModelBuilder)</Name>
              <FileRef uid="156" />
              <SequencePoints>
                <SequencePoint vc="0" uspid="1816" ordinal="0" offset="0" sl="27" sc="9" el="27" ec="10" bec="0" bev="0" fileid="156" />
                <SequencePoint vc="0" uspid="1817" ordinal="1" offset="1" sl="29" sc="13" el="30" ec="54" bec="0" bev="0" fileid="156" />
                <SequencePoint vc="0" uspid="1818" ordinal="2" offset="132" sl="31" sc="9" el="31" ec="10" bec="0" bev="0" fileid="156" />
              </SequencePoints>
              <BranchPoints />
              <MethodPoint xsi:type="SequencePoint" vc="0" uspid="1816" ordinal="0" offset="0" sl="27" sc="9" el="27" ec="10" bec="0" bev="0" fileid="156" />
            </Method>
          </Methods>
        </Class>
        <Class>
          <Summary numSequencePoints="0" visitedSequencePoints="0" numBranchPoints="0" visitedBranchPoints="0" sequenceCoverage="0" branchCoverage="0" maxCyclomaticComplexity="1" minCyclomaticComplexity="1" maxCrapScore="2" minCrapScore="2" visitedClasses="0" numClasses="0" visitedMethods="0" numMethods="0" />
          <FullName>OnlineAuction.DAL.Context.OnlineAuctionContext/&lt;&gt;c</FullName>
          <Methods>
            <Method visited="false" cyclomaticComplexity="1" nPathComplexity="0" sequenceCoverage="0" branchCoverage="0" crapScore="2" isConstructor="true" isStatic="true" isGetter="false" isSetter="false">
              <Summary numSequencePoints="0" visitedSequencePoints="0" numBranchPoints="0" visitedBranchPoints="0" sequenceCoverage="0" branchCoverage="0" maxCyclomaticComplexity="1" minCyclomaticComplexity="1" maxCrapScore="2" minCrapScore="2" visitedClasses="0" numClasses="0" visitedMethods="0" numMethods="0" />
              <MetadataToken>100663546</MetadataToken>
              <Name>System.Void OnlineAuction.DAL.Context.OnlineAuctionContext/&lt;&gt;c::.cctor()</Name>
              <SequencePoints />
              <BranchPoints />
              <MethodPoint vc="0" uspid="1819" ordinal="0" offset="0" />
            </Method>
            <Method visited="false" cyclomaticComplexity="1" nPathComplexity="0" sequenceCoverage="0" branchCoverage="0" crapScore="2" isConstructor="true" isStatic="false" isGetter="false" isSetter="false">
              <Summary numSequencePoints="0" visitedSequencePoints="0" numBranchPoints="0" visitedBranchPoints="0" sequenceCoverage="0" branchCoverage="0" maxCyclomaticComplexity="1" minCyclomaticComplexity="1" maxCrapScore="2" minCrapScore="2" visitedClasses="0" numClasses="0" visitedMethods="0" numMethods="0" />
              <MetadataToken>100663547</MetadataToken>
              <Name>System.Void OnlineAuction.DAL.Context.OnlineAuctionContext/&lt;&gt;c::.ctor()</Name>
              <SequencePoints />
              <BranchPoints />
              <MethodPoint vc="0" uspid="1820" ordinal="0" offset="0" />
            </Method>
          </Methods>
        </Class>
      </Classes>
      <TrackedMethods />
    </Module>
  </Modules>
</CoverageSession>